Using pre-set license
Built from '2022.3/staging' branch; Version is '2022.3.4f1 (35713cd46cd7) revision 3502396'; Using compiler version '192829333'; Build Type 'Release'
OS: 'Windows 10  (10.0.19045) 64bit Core' Language: 'en' Physical Memory: 15775 MB
BatchMode: 1, IsHumanControllingUs: 0, StartBugReporterOnCrash: 0, Is64bit: 1, IsPro: 1

COMMAND LINE ARGUMENTS:
C:\Program Files\Unity\Hub\Editor\2022.3.4f1\Editor\Unity.exe
-adb2
-batchMode
-noUpm
-name
AssetImportWorker5
-projectPath
C:/Users/ianal/OneDrive/Documents/GitHub/extract-Hacker-
-logFile
Logs/AssetImportWorker5.log
-srvPort
50616
Successfully changed project path to: C:/Users/ianal/OneDrive/Documents/GitHub/extract-Hacker-
C:/Users/ianal/OneDrive/Documents/GitHub/extract-Hacker-
[UnityMemory] Configuration Parameters - Can be set up in boot.config
    "memorysetup-bucket-allocator-granularity=16"
    "memorysetup-bucket-allocator-bucket-count=8"
    "memorysetup-bucket-allocator-block-size=33554432"
    "memorysetup-bucket-allocator-block-count=8"
    "memorysetup-main-allocator-block-size=16777216"
    "memorysetup-thread-allocator-block-size=16777216"
    "memorysetup-gfx-main-allocator-block-size=16777216"
    "memorysetup-gfx-thread-allocator-block-size=16777216"
    "memorysetup-cache-allocator-block-size=4194304"
    "memorysetup-typetree-allocator-block-size=2097152"
    "memorysetup-profiler-bucket-allocator-granularity=16"
    "memorysetup-profiler-bucket-allocator-bucket-count=8"
    "memorysetup-profiler-bucket-allocator-block-size=33554432"
    "memorysetup-profiler-bucket-allocator-block-count=8"
    "memorysetup-profiler-allocator-block-size=16777216"
    "memorysetup-profiler-editor-allocator-block-size=1048576"
    "memorysetup-temp-allocator-size-main=16777216"
    "memorysetup-job-temp-allocator-block-size=2097152"
    "memorysetup-job-temp-allocator-block-size-background=1048576"
    "memorysetup-job-temp-allocator-reduction-small-platforms=262144"
    "memorysetup-allocator-temp-initial-block-size-main=262144"
    "memorysetup-allocator-temp-initial-block-size-worker=262144"
    "memorysetup-temp-allocator-size-background-worker=32768"
    "memorysetup-temp-allocator-size-job-worker=262144"
    "memorysetup-temp-allocator-size-preload-manager=33554432"
    "memorysetup-temp-allocator-size-nav-mesh-worker=65536"
    "memorysetup-temp-allocator-size-audio-worker=65536"
    "memorysetup-temp-allocator-size-cloud-worker=32768"
    "memorysetup-temp-allocator-size-gi-baking-worker=262144"
    "memorysetup-temp-allocator-size-gfx=262144"
Player connection [1800] Host "[IP] 192.168.56.1 [Port] 0 [Flags] 2 [Guid] 1675834761 [EditorId] 1675834761 [Version] 1048832 [Id] WindowsEditor(7,LAPTOP-H19LLI3S) [Debug] 1 [PackageName] WindowsEditor [ProjectName] Editor" joined multi-casting on [225.0.0.222:54997]...

Player connection [1800] Host "[IP] 192.168.56.1 [Port] 0 [Flags] 2 [Guid] 1675834761 [EditorId] 1675834761 [Version] 1048832 [Id] WindowsEditor(7,LAPTOP-H19LLI3S) [Debug] 1 [PackageName] WindowsEditor [ProjectName] Editor" joined alternative multi-casting on [225.0.0.222:34997]...

Refreshing native plugins compatible for Editor in 34.20 ms, found 3 plugins.
Preloading 0 native plugins for Editor in 0.00 ms.
Initialize engine version: 2022.3.4f1 (35713cd46cd7)
[Subsystems] Discovering subsystems at path C:/Program Files/Unity/Hub/Editor/2022.3.4f1/Editor/Data/Resources/UnitySubsystems
[Subsystems] Discovering subsystems at path C:/Users/ianal/OneDrive/Documents/GitHub/extract-Hacker-/Assets
GfxDevice: creating device client; threaded=0; jobified=0
Direct3D:
    Version:  Direct3D 11.0 [level 11.1]
    Renderer: NVIDIA GeForce RTX 3060 Laptop GPU (ID=0x2520)
    Vendor:   NVIDIA
    VRAM:     6010 MB
    Driver:   31.0.15.4680
Initialize mono
Mono path[0] = 'C:/Program Files/Unity/Hub/Editor/2022.3.4f1/Editor/Data/Managed'
Mono path[1] = 'C:/Program Files/Unity/Hub/Editor/2022.3.4f1/Editor/Data/MonoBleedingEdge/lib/mono/unityjit-win32'
Mono config path = 'C:/Program Files/Unity/Hub/Editor/2022.3.4f1/Editor/Data/MonoBleedingEdge/etc'
Using monoOptions --debugger-agent=transport=dt_socket,embedding=1,server=y,suspend=n,address=127.0.0.1:56720
Begin MonoManager ReloadAssembly
Registering precompiled unity dll's ...
Register platform support module: C:/Program Files/Unity/Hub/Editor/2022.3.4f1/Editor/Data/PlaybackEngines/WindowsStandaloneSupport/UnityEditor.WindowsStandalone.Extensions.dll
Registered in 0.025200 seconds.
- Loaded All Assemblies, in  0.682 seconds
Native extension for WindowsStandalone target not found
Mono: successfully reloaded assembly
- Finished resetting the current domain, in  0.540 seconds
Domain Reload Profiling: 1216ms
	BeginReloadAssembly (188ms)
		ExecutionOrderSort (0ms)
		DisableScriptedObjects (0ms)
		BackupInstance (0ms)
		ReleaseScriptingObjects (0ms)
		CreateAndSetChildDomain (1ms)
	RebuildCommonClasses (73ms)
	RebuildNativeTypeToScriptingClass (20ms)
	initialDomainReloadingComplete (139ms)
	LoadAllAssembliesAndSetupDomain (255ms)
		LoadAssemblies (181ms)
		RebuildTransferFunctionScriptingTraits (0ms)
		AnalyzeDomain (237ms)
			TypeCache.Refresh (236ms)
				TypeCache.ScanAssembly (207ms)
			ScanForSourceGeneratedMonoScriptInfo (1ms)
			ResolveRequiredComponents (1ms)
	FinalizeReload (541ms)
		ReleaseScriptCaches (0ms)
		RebuildScriptCaches (0ms)
		SetupLoadedEditorAssemblies (417ms)
			LogAssemblyErrors (0ms)
			InitializePlatformSupportModulesInManaged (27ms)
			SetLoadedEditorAssemblies (28ms)
			RefreshPlugins (0ms)
			BeforeProcessingInitializeOnLoad (4ms)
			ProcessInitializeOnLoadAttributes (266ms)
			ProcessInitializeOnLoadMethodAttributes (92ms)
			AfterProcessingInitializeOnLoad (0ms)
			EditorAssembliesLoaded (0ms)
		ExecutionOrderSort2 (0ms)
		AwakeInstancesAfterBackupRestoration (0ms)
========================================================================
Worker process is ready to serve import requests
Begin MonoManager ReloadAssembly
Symbol file LoadedFromMemory doesn't match image C:\Users\ianal\OneDrive\Documents\GitHub\extract-Hacker-\Library\PackageCache\com.unity.visualscripting@1.8.0\Editor\VisualScripting.Core\Dependencies\YamlDotNet\Unity.VisualScripting.YamlDotNet.dll
Symbol file LoadedFromMemory doesn't match image C:\Users\ianal\OneDrive\Documents\GitHub\extract-Hacker-\Library\PackageCache\com.unity.visualscripting@1.8.0\Editor\VisualScripting.Core\Dependencies\DotNetZip\Unity.VisualScripting.IonicZip.dll
- Loaded All Assemblies, in  1.766 seconds
Refreshing native plugins compatible for Editor in 14.47 ms, found 3 plugins.
Native extension for WindowsStandalone target not found
Mono: successfully reloaded assembly
- Finished resetting the current domain, in  1.501 seconds
Domain Reload Profiling: 3255ms
	BeginReloadAssembly (279ms)
		ExecutionOrderSort (0ms)
		DisableScriptedObjects (10ms)
		BackupInstance (0ms)
		ReleaseScriptingObjects (0ms)
		CreateAndSetChildDomain (54ms)
	RebuildCommonClasses (71ms)
	RebuildNativeTypeToScriptingClass (19ms)
	initialDomainReloadingComplete (97ms)
	LoadAllAssembliesAndSetupDomain (1287ms)
		LoadAssemblies (823ms)
		RebuildTransferFunctionScriptingTraits (0ms)
		AnalyzeDomain (582ms)
			TypeCache.Refresh (522ms)
				TypeCache.ScanAssembly (498ms)
			ScanForSourceGeneratedMonoScriptInfo (45ms)
			ResolveRequiredComponents (15ms)
	FinalizeReload (1501ms)
		ReleaseScriptCaches (0ms)
		RebuildScriptCaches (0ms)
		SetupLoadedEditorAssemblies (1139ms)
			LogAssemblyErrors (0ms)
			InitializePlatformSupportModulesInManaged (17ms)
			SetLoadedEditorAssemblies (12ms)
			RefreshPlugins (0ms)
			BeforeProcessingInitializeOnLoad (256ms)
			ProcessInitializeOnLoadAttributes (695ms)
			ProcessInitializeOnLoadMethodAttributes (136ms)
			AfterProcessingInitializeOnLoad (24ms)
			EditorAssembliesLoaded (0ms)
		ExecutionOrderSort2 (0ms)
		AwakeInstancesAfterBackupRestoration (11ms)
Launched and connected shader compiler UnityShaderCompiler.exe after 0.26 seconds
Refreshing native plugins compatible for Editor in 13.22 ms, found 3 plugins.
Preloading 0 native plugins for Editor in 0.00 ms.
Unloading 5172 Unused Serialized files (Serialized files now loaded: 0)
Unloading 77 unused Assets / (1.6 MB). Loaded Objects now: 5628.
Memory consumption went from 221.7 MB to 220.2 MB.
Total: 20.932100 ms (FindLiveObjects: 0.848800 ms CreateObjectMapping: 0.361300 ms MarkObjects: 15.045700 ms  DeleteObjects: 4.674300 ms)

AssetImportParameters requested are different than current active one (requested -> active):
  custom:container-demuxer-ogg: 62fdf1f143b41e24485cea50d1cbac27 -> 
  custom:video-codec-MediaFoundation-h265: 746d11721c4dcdbdad8f713fa42b33f4 -> 
  custom:video-decoder-ogg-theora: a1e56fd34408186e4bbccfd4996cb3dc -> 
  custom:framework-win-MediaFoundation: 216162199b28c13a410421893ffa2e32 -> 
  custom:CustomObjectIndexerAttribute: d54d2f2da18e7612c182cf67624b6b12 -> 
  custom:container-demuxer-webm: 4f35f7cbe854078d1ac9338744f61a02 -> 
  custom:container-muxer-webm: aa71ff27fc2769a1b78a27578f13a17b -> 
  custom:video-decoder-webm-vp8: 9c59270c3fd7afecdb556c50c9e8de78 -> 
  custom:AudioImporter_EditorPlatform: d09bf68614088b80899f8185d706f6e7 -> 
  custom:video-encoder-webm-vp8: eb34c28f22e8b96e1ab97ce403110664 -> 
  custom:audio-decoder-ogg-vorbis: bf7c407c2cedff20999df2af8eb42d56 -> 
  custom:audio-encoder-webm-vorbis: bf7c407c2cedff20999df2af8eb42d56 -> 
========================================================================
Received Import Request.
  Time since last request: 1032.486631 seconds.
  path: Assets/Volumes/Gates - Post Processing
  artifactKey: Guid(ee8e01668639f5c46957e44c8054ca08) Importer(2089858483,0ecaa5967403d082aa24f35e1b516d23)
Start importing Assets/Volumes/Gates - Post Processing using Guid(ee8e01668639f5c46957e44c8054ca08) Importer(2089858483,0ecaa5967403d082aa24f35e1b516d23) Generated GUIDs only implemented for interfaces!
 -> (artifact id: '1122c9c56d956f75b9f0b6b991d4215b') in 0.341612 seconds
Number of updated asset objects reloaded before import = 0
Number of asset objects unloaded after import = 1
========================================================================
Received Import Request.
  Time since last request: 0.072722 seconds.
  path: Assets/SciFi Warehouse Kit/Prefabs/Structures/Walls/Wall DoorClosed.prefab
  artifactKey: Guid(af0f215540b1a80498f1cc5db63afe57) Importer(2089858483,3d70f49cd1c2eb9ae422958d1c652c6b)
Start importing Assets/SciFi Warehouse Kit/Prefabs/Structures/Walls/Wall DoorClosed.prefab using Guid(af0f215540b1a80498f1cc5db63afe57) Importer(2089858483,3d70f49cd1c2eb9ae422958d1c652c6b) Generated GUIDs only implemented for interfaces!
 -> (artifact id: '17ca65f5ff45c07023d78e5829cd91b1') in 0.150441 seconds
Number of updated asset objects reloaded before import = 0
Number of asset objects unloaded after import = 22
========================================================================
Received Import Request.
  Time since last request: 0.002313 seconds.
  path: Assets/UI/Clean Vector Icons/T_11_silhouette_heart_.png
  artifactKey: Guid(eefd57e8b57cd814ebc86925f3a4a109) Importer(2089858483,0ecaa5967403d082aa24f35e1b516d23)
Start importing Assets/UI/Clean Vector Icons/T_11_silhouette_heart_.png using Guid(eefd57e8b57cd814ebc86925f3a4a109) Importer(2089858483,0ecaa5967403d082aa24f35e1b516d23) Generated GUIDs only implemented for interfaces!
 -> (artifact id: '6a2bb5f6cc3a9b3332d22e03897b1c09') in 0.226868 seconds
Number of updated asset objects reloaded before import = 0
Number of asset objects unloaded after import = 3
========================================================================
Received Import Request.
  Time since last request: 0.004535 seconds.
  path: Assets/UI/Clean Vector Icons/T_5_scroll_-_.png
  artifactKey: Guid(790128c15d19af4439ebab9bad9afec8) Importer(2089858483,0ecaa5967403d082aa24f35e1b516d23)
Start importing Assets/UI/Clean Vector Icons/T_5_scroll_-_.png using Guid(790128c15d19af4439ebab9bad9afec8) Importer(2089858483,0ecaa5967403d082aa24f35e1b516d23) Generated GUIDs only implemented for interfaces!
 -> (artifact id: 'c6c139c9a41bf9229c06e785707a71c5') in 0.088901 seconds
Number of updated asset objects reloaded before import = 0
Number of asset objects unloaded after import = 3
========================================================================
Received Import Request.
  Time since last request: 0.001311 seconds.
  path: Assets/UI/Clean Vector Icons/T_8_cursor_heart_al_.png
  artifactKey: Guid(8a683839c9f315c40a5614bea92d3237) Importer(2089858483,0ecaa5967403d082aa24f35e1b516d23)
Start importing Assets/UI/Clean Vector Icons/T_8_cursor_heart_al_.png using Guid(8a683839c9f315c40a5614bea92d3237) Importer(2089858483,0ecaa5967403d082aa24f35e1b516d23) Generated GUIDs only implemented for interfaces!
 -> (artifact id: 'bb9e591057f7dd7fbda82b66244928e4') in 0.130910 seconds
Number of updated asset objects reloaded before import = 0
Number of asset objects unloaded after import = 3
========================================================================
Received Import Request.
  Time since last request: 0.003387 seconds.
  path: Assets/UI/Clean Vector Icons/T_1_fire_.png
  artifactKey: Guid(062eeb9d5e8ba8f45a9ddfea52518f82) Importer(2089858483,0ecaa5967403d082aa24f35e1b516d23)
Start importing Assets/UI/Clean Vector Icons/T_1_fire_.png using Guid(062eeb9d5e8ba8f45a9ddfea52518f82) Importer(2089858483,0ecaa5967403d082aa24f35e1b516d23) Generated GUIDs only implemented for interfaces!
 -> (artifact id: '2543dc8aa1ebd49cde478dd629a9a5a5') in 0.090511 seconds
Number of updated asset objects reloaded before import = 0
Number of asset objects unloaded after import = 3
========================================================================
Received Import Request.
  Time since last request: 0.002772 seconds.
  path: Assets/UI/Clean Vector Icons/T_3_bottle_full_.png
  artifactKey: Guid(9967dc9c6c023804490a2f656ff50533) Importer(2089858483,0ecaa5967403d082aa24f35e1b516d23)
Start importing Assets/UI/Clean Vector Icons/T_3_bottle_full_.png using Guid(9967dc9c6c023804490a2f656ff50533) Importer(2089858483,0ecaa5967403d082aa24f35e1b516d23) Generated GUIDs only implemented for interfaces!
 -> (artifact id: '7a3fb3b55033a5adce9466bc2c48d841') in 0.097889 seconds
Number of updated asset objects reloaded before import = 0
Number of asset objects unloaded after import = 3
========================================================================
Received Import Request.
  Time since last request: 0.006796 seconds.
  path: Assets/UI/Clean Vector Icons/T_1_letter_.png
  artifactKey: Guid(8192f26646a0a92499a7503ccacae72d) Importer(2089858483,0ecaa5967403d082aa24f35e1b516d23)
Start importing Assets/UI/Clean Vector Icons/T_1_letter_.png using Guid(8192f26646a0a92499a7503ccacae72d) Importer(2089858483,0ecaa5967403d082aa24f35e1b516d23) Generated GUIDs only implemented for interfaces!
 -> (artifact id: 'e343705bf9d143e91aea742673ee8fc8') in 0.082372 seconds
Number of updated asset objects reloaded before import = 0
Number of asset objects unloaded after import = 3
========================================================================
Received Import Request.
  Time since last request: 0.001757 seconds.
  path: Assets/UI/Clean Vector Icons/T_5_magnifier_eye_crossed_al_.png
  artifactKey: Guid(bfa7019f88769204c904dbd91fb996f3) Importer(2089858483,0ecaa5967403d082aa24f35e1b516d23)
Start importing Assets/UI/Clean Vector Icons/T_5_magnifier_eye_crossed_al_.png using Guid(bfa7019f88769204c904dbd91fb996f3) Importer(2089858483,0ecaa5967403d082aa24f35e1b516d23) Generated GUIDs only implemented for interfaces!
 -> (artifact id: 'ce64e422cf90c945adda49a91ca82a84') in 0.091778 seconds
Number of updated asset objects reloaded before import = 0
Number of asset objects unloaded after import = 3
========================================================================
Received Import Request.
  Time since last request: 0.052378 seconds.
  path: Assets/Scripts/StateMachine
  artifactKey: Guid(4690aaa0cc6e920449107dc9def9108c) Importer(2089858483,0ecaa5967403d082aa24f35e1b516d23)
Start importing Assets/Scripts/StateMachine using Guid(4690aaa0cc6e920449107dc9def9108c) Importer(2089858483,0ecaa5967403d082aa24f35e1b516d23) Generated GUIDs only implemented for interfaces!
 -> (artifact id: '91898fc528addab689eaacce0a1a91e7') in 0.023763 seconds
Number of updated asset objects reloaded before import = 0
Number of asset objects unloaded after import = 1
========================================================================
Received Import Request.
  Time since last request: 0.001496 seconds.
  path: Assets/UI/Clean Vector Icons/T_13_axe_.png
  artifactKey: Guid(b3a100d8344187049b3f8b5c9e5aba88) Importer(2089858483,0ecaa5967403d082aa24f35e1b516d23)
Start importing Assets/UI/Clean Vector Icons/T_13_axe_.png using Guid(b3a100d8344187049b3f8b5c9e5aba88) Importer(2089858483,0ecaa5967403d082aa24f35e1b516d23) Generated GUIDs only implemented for interfaces!
 -> (artifact id: '93c4d821ff8b3c9f048008d10c085388') in 0.066633 seconds
Number of updated asset objects reloaded before import = 0
Number of asset objects unloaded after import = 3
========================================================================
Received Import Request.
  Time since last request: 0.001381 seconds.
  path: Assets/HorrorPuzzleItems/USBKey/Prefabs/USBKey_Metal.prefab
  artifactKey: Guid(cb606318345a3184fbf0a8dc62bc6a61) Importer(2089858483,3d70f49cd1c2eb9ae422958d1c652c6b)
Start importing Assets/HorrorPuzzleItems/USBKey/Prefabs/USBKey_Metal.prefab using Guid(cb606318345a3184fbf0a8dc62bc6a61) Importer(2089858483,3d70f49cd1c2eb9ae422958d1c652c6b) Generated GUIDs only implemented for interfaces!
 -> (artifact id: 'fc10f435aa724104d32d03a5b543e3a0') in 0.031399 seconds
Number of updated asset objects reloaded before import = 0
Number of asset objects unloaded after import = 16
========================================================================
Received Import Request.
  Time since last request: 0.007941 seconds.
  path: Assets/SciFi Warehouse Kit/Prefabs/Props/Crates Barrels Pallets/Pallet Variations/Pallet Variation 06.prefab
  artifactKey: Guid(1b2e0c15a34b5e24ea266246ee7534f8) Importer(2089858483,3d70f49cd1c2eb9ae422958d1c652c6b)
Start importing Assets/SciFi Warehouse Kit/Prefabs/Props/Crates Barrels Pallets/Pallet Variations/Pallet Variation 06.prefab using Guid(1b2e0c15a34b5e24ea266246ee7534f8) Importer(2089858483,3d70f49cd1c2eb9ae422958d1c652c6b) Generated GUIDs only implemented for interfaces!
 -> (artifact id: 'bf062647f792286a2e9b3bd71d8c70b8') in 0.034861 seconds
Number of updated asset objects reloaded before import = 0
Number of asset objects unloaded after import = 39
========================================================================
Received Import Request.
  Time since last request: 0.000026 seconds.
  path: Assets/Grenades_Lowpoly/Grenade2/materials/grenade2_lowpoly.mat
  artifactKey: Guid(58ca80bc697298d4b99281faa511b55c) Importer(2089858483,0ecaa5967403d082aa24f35e1b516d23)
Start importing Assets/Grenades_Lowpoly/Grenade2/materials/grenade2_lowpoly.mat using Guid(58ca80bc697298d4b99281faa511b55c) Importer(2089858483,0ecaa5967403d082aa24f35e1b516d23) Generated GUIDs only implemented for interfaces!
 -> (artifact id: '1b765d74ec0232aa6d234e7c09d57ee9') in 0.124768 seconds
Number of updated asset objects reloaded before import = 0
Number of asset objects unloaded after import = 4
========================================================================
Received Import Request.
  Time since last request: 0.000029 seconds.
  path: Assets/Textures/Protagonist/BODY_diffuse.png
  artifactKey: Guid(a7b55652738b2cd4daf975c9f2666be6) Importer(2089858483,0ecaa5967403d082aa24f35e1b516d23)
Start importing Assets/Textures/Protagonist/BODY_diffuse.png using Guid(a7b55652738b2cd4daf975c9f2666be6) Importer(2089858483,0ecaa5967403d082aa24f35e1b516d23) Generated GUIDs only implemented for interfaces!
 -> (artifact id: '36b1ea8ad4737de42fec4225794bb841') in 0.072025 seconds
Number of updated asset objects reloaded before import = 0
Number of asset objects unloaded after import = 1
========================================================================
Received Import Request.
  Time since last request: 0.006892 seconds.
  path: Assets/scene-ref-attribute-main/ReflectionUtil.cs
  artifactKey: Guid(c4da11995b904a69a4c76be19d32803c) Importer(2089858483,0ecaa5967403d082aa24f35e1b516d23)
Start importing Assets/scene-ref-attribute-main/ReflectionUtil.cs using Guid(c4da11995b904a69a4c76be19d32803c) Importer(2089858483,0ecaa5967403d082aa24f35e1b516d23) Generated GUIDs only implemented for interfaces!
 -> (artifact id: 'fc52d8d70a000d780e4b36030b2267ca') in 0.050444 seconds
Number of updated asset objects reloaded before import = 0
Number of asset objects unloaded after import = 1
========================================================================
Received Import Request.
  Time since last request: 0.000867 seconds.
  path: Assets/scene-ref-attribute-main/InterfaceRef.cs
  artifactKey: Guid(456d8644bc1e4a068630386700a3df1c) Importer(2089858483,0ecaa5967403d082aa24f35e1b516d23)
Start importing Assets/scene-ref-attribute-main/InterfaceRef.cs using Guid(456d8644bc1e4a068630386700a3df1c) Importer(2089858483,0ecaa5967403d082aa24f35e1b516d23) Generated GUIDs only implemented for interfaces!
 -> (artifact id: '1d1abf8dcf33eabf6d47d37a2b7132d3') in 0.032376 seconds
Number of updated asset objects reloaded before import = 0
Number of asset objects unloaded after import = 1
========================================================================
Received Import Request.
  Time since last request: 0.000346 seconds.
  path: Assets/Scripts/StateMachine/ConeDetectionStrategy.cs
  artifactKey: Guid(14ac99e5f630cd84bab6595afe4c0ee6) Importer(2089858483,0ecaa5967403d082aa24f35e1b516d23)
Start importing Assets/Scripts/StateMachine/ConeDetectionStrategy.cs using Guid(14ac99e5f630cd84bab6595afe4c0ee6) Importer(2089858483,0ecaa5967403d082aa24f35e1b516d23) Generated GUIDs only implemented for interfaces!
 -> (artifact id: '365de7ce7fa1d07e8a2f4b519f7eb955') in 0.075125 seconds
Number of updated asset objects reloaded before import = 0
Number of asset objects unloaded after import = 1
========================================================================
Received Import Request.
  Time since last request: 0.001428 seconds.
  path: Assets/Scripts/Enemy.cs
  artifactKey: Guid(ebbcf78aabbf6ee4794655a744a04f0b) Importer(2089858483,0ecaa5967403d082aa24f35e1b516d23)
Start importing Assets/Scripts/Enemy.cs using Guid(ebbcf78aabbf6ee4794655a744a04f0b) Importer(2089858483,0ecaa5967403d082aa24f35e1b516d23) Generated GUIDs only implemented for interfaces!
 -> (artifact id: '7b269be400b81d99193a3c8a7ceb8bab') in 0.035613 seconds
Number of updated asset objects reloaded before import = 0
Number of asset objects unloaded after import = 1
========================================================================
Received Import Request.
  Time since last request: 0.004837 seconds.
  path: Assets/UI/Clean Vector Icons/T_5_column_sound2_.png
  artifactKey: Guid(4487209fdda91154da619301adb9e6c4) Importer(2089858483,0ecaa5967403d082aa24f35e1b516d23)
Start importing Assets/UI/Clean Vector Icons/T_5_column_sound2_.png using Guid(4487209fdda91154da619301adb9e6c4) Importer(2089858483,0ecaa5967403d082aa24f35e1b516d23) Generated GUIDs only implemented for interfaces!
 -> (artifact id: '82c488fcea9513eaa3351c249615d959') in 0.067163 seconds
Number of updated asset objects reloaded before import = 0
Number of asset objects unloaded after import = 3
========================================================================
Received Import Request.
  Time since last request: 0.000854 seconds.
  path: Assets/Prefabs/Wall_Prefabs/Roof_02.prefab
  artifactKey: Guid(b9038ed84a1fe4aecb34086f7f42d1bf) Importer(2089858483,0ecaa5967403d082aa24f35e1b516d23)
Start importing Assets/Prefabs/Wall_Prefabs/Roof_02.prefab using Guid(b9038ed84a1fe4aecb34086f7f42d1bf) Importer(2089858483,0ecaa5967403d082aa24f35e1b516d23) Generated GUIDs only implemented for interfaces!
 -> (artifact id: 'f13722347f0defeb61b26d12dbe36227') in 0.025736 seconds
Number of updated asset objects reloaded before import = 0
Number of asset objects unloaded after import = 10
========================================================================
Received Import Request.
  Time since last request: 0.063883 seconds.
  path: Assets/TutorialInfo/Scripts/Editor
  artifactKey: Guid(3c2691e2b08fd4a49af4546f4aad1cd0) Importer(2089858483,0ecaa5967403d082aa24f35e1b516d23)
Start importing Assets/TutorialInfo/Scripts/Editor using Guid(3c2691e2b08fd4a49af4546f4aad1cd0) Importer(2089858483,0ecaa5967403d082aa24f35e1b516d23) Generated GUIDs only implemented for interfaces!
 -> (artifact id: 'ab3faa15075ff771cd534785ae44541a') in 0.055361 seconds
Number of updated asset objects reloaded before import = 0
Number of asset objects unloaded after import = 1
========================================================================
Received Import Request.
  Time since last request: 0.008369 seconds.
  path: Assets/SciFi Warehouse Kit/Prefabs/Structures/Structure Props/Sprinkler 02.prefab
  artifactKey: Guid(249530fa23afe5f449b15ecf96228a4d) Importer(2089858483,0ecaa5967403d082aa24f35e1b516d23)
Start importing Assets/SciFi Warehouse Kit/Prefabs/Structures/Structure Props/Sprinkler 02.prefab using Guid(249530fa23afe5f449b15ecf96228a4d) Importer(2089858483,0ecaa5967403d082aa24f35e1b516d23) Generated GUIDs only implemented for interfaces!
 -> (artifact id: 'bf75b06029e2fc43dd1408461e0c98b9') in 0.044915 seconds
Number of updated asset objects reloaded before import = 0
Number of asset objects unloaded after import = 7
========================================================================
Received Import Request.
  Time since last request: 0.003393 seconds.
  path: Assets/SciFi Warehouse Kit/Demo/Scene/Lighting Data/ReflectionProbe-0.exr
  artifactKey: Guid(b9327fe293c1f824d945fde7b14c2095) Importer(2089858483,0ecaa5967403d082aa24f35e1b516d23)
Start importing Assets/SciFi Warehouse Kit/Demo/Scene/Lighting Data/ReflectionProbe-0.exr using Guid(b9327fe293c1f824d945fde7b14c2095) Importer(2089858483,0ecaa5967403d082aa24f35e1b516d23) Generated GUIDs only implemented for interfaces!
 -> (artifact id: '27d670da07057f66d279aa18b6d70cc0') in 0.059131 seconds
Number of updated asset objects reloaded before import = 0
Number of asset objects unloaded after import = 1
========================================================================
Received Import Request.
  Time since last request: 0.002184 seconds.
  path: Assets/SciFi Warehouse Kit/Art/Textures/Wall Alpha a.png
  artifactKey: Guid(b6df1a2e752aedc488cd14ff782e2d72) Importer(2089858483,0ecaa5967403d082aa24f35e1b516d23)
Start importing Assets/SciFi Warehouse Kit/Art/Textures/Wall Alpha a.png using Guid(b6df1a2e752aedc488cd14ff782e2d72) Importer(2089858483,0ecaa5967403d082aa24f35e1b516d23) Generated GUIDs only implemented for interfaces!
 -> (artifact id: '3fb7d9c24509e7b0cd0956a75f15fc44') in 0.121750 seconds
Number of updated asset objects reloaded before import = 0
Number of asset objects unloaded after import = 1
========================================================================
Received Import Request.
  Time since last request: 0.003040 seconds.
  path: Assets/_Barking_Dog/3D Free Modular Kit/_Meshes/Materials
  artifactKey: Guid(4c4c82d5347360e4b8477e9433b6710b) Importer(2089858483,0ecaa5967403d082aa24f35e1b516d23)
Start importing Assets/_Barking_Dog/3D Free Modular Kit/_Meshes/Materials using Guid(4c4c82d5347360e4b8477e9433b6710b) Importer(2089858483,0ecaa5967403d082aa24f35e1b516d23) Generated GUIDs only implemented for interfaces!
 -> (artifact id: 'd5afc1c1808c5302e54c367b1a5c7783') in 0.025080 seconds
Number of updated asset objects reloaded before import = 0
Number of asset objects unloaded after import = 1
========================================================================
Received Import Request.
  Time since last request: 0.000044 seconds.
  path: Assets/SciFi Warehouse Kit/Prefabs/Props/Ducts/Duct Elbow 01.prefab
  artifactKey: Guid(ead50481603138344b8c40cf80a27232) Importer(2089858483,0ecaa5967403d082aa24f35e1b516d23)
Start importing Assets/SciFi Warehouse Kit/Prefabs/Props/Ducts/Duct Elbow 01.prefab using Guid(ead50481603138344b8c40cf80a27232) Importer(2089858483,0ecaa5967403d082aa24f35e1b516d23) Generated GUIDs only implemented for interfaces!
 -> (artifact id: 'fe142e48a25cfd7067cb2fc1fe08646a') in 0.032675 seconds
Number of updated asset objects reloaded before import = 0
Number of asset objects unloaded after import = 8
========================================================================
Received Import Request.
  Time since last request: 0.001147 seconds.
  path: Assets/SciFi Warehouse Kit/Art/Textures/structure_misc_a.png
  artifactKey: Guid(2cd89b625b97b4e4289e0db0e2846857) Importer(2089858483,0ecaa5967403d082aa24f35e1b516d23)
Start importing Assets/SciFi Warehouse Kit/Art/Textures/structure_misc_a.png using Guid(2cd89b625b97b4e4289e0db0e2846857) Importer(2089858483,0ecaa5967403d082aa24f35e1b516d23) Generated GUIDs only implemented for interfaces!
 -> (artifact id: 'a2939f7e6189868499daa0e74b3fbb39') in 0.046008 seconds
Number of updated asset objects reloaded before import = 0
Number of asset objects unloaded after import = 1
========================================================================
Received Import Request.
  Time since last request: 0.007282 seconds.
  path: Assets/SciFi Warehouse Kit/Art/Meshes/Structures/Catwalk/Catwalk Long Rails.fbx
  artifactKey: Guid(456faba3775baea40800d023c374e1be) Importer(2089858483,0ecaa5967403d082aa24f35e1b516d23)
Start importing Assets/SciFi Warehouse Kit/Art/Meshes/Structures/Catwalk/Catwalk Long Rails.fbx using Guid(456faba3775baea40800d023c374e1be) Importer(2089858483,0ecaa5967403d082aa24f35e1b516d23) Generated GUIDs only implemented for interfaces!
 -> (artifact id: '9366f071135c19d6b5e2150c4f5596be') in 0.139461 seconds
Number of updated asset objects reloaded before import = 0
Number of asset objects unloaded after import = 7
========================================================================
Received Import Request.
  Time since last request: 0.000575 seconds.
  path: Assets/SciFi Warehouse Kit/Art/Meshes/Structures/Corridors/Corridor 4-Way.fbx
  artifactKey: Guid(685f3c2516b9d3041970058318a5c349) Importer(2089858483,0ecaa5967403d082aa24f35e1b516d23)
Start importing Assets/SciFi Warehouse Kit/Art/Meshes/Structures/Corridors/Corridor 4-Way.fbx using Guid(685f3c2516b9d3041970058318a5c349) Importer(2089858483,0ecaa5967403d082aa24f35e1b516d23) Generated GUIDs only implemented for interfaces!
 -> (artifact id: '1d354b9164419ea1764ef0399857f37e') in 0.072543 seconds
Number of updated asset objects reloaded before import = 0
Number of asset objects unloaded after import = 29
========================================================================
Received Import Request.
  Time since last request: 0.003070 seconds.
  path: Assets/SciFi Warehouse Kit/Art/Materials/Pallet Mat.mat
  artifactKey: Guid(e2f46f807b3b19a4491e113702211cde) Importer(2089858483,0ecaa5967403d082aa24f35e1b516d23)
Start importing Assets/SciFi Warehouse Kit/Art/Materials/Pallet Mat.mat using Guid(e2f46f807b3b19a4491e113702211cde) Importer(2089858483,0ecaa5967403d082aa24f35e1b516d23) Generated GUIDs only implemented for interfaces!
 -> (artifact id: 'cf1afc9cdaf5bcf277beaebb9b630fb9') in 0.062869 seconds
Number of updated asset objects reloaded before import = 0
Number of asset objects unloaded after import = 3
========================================================================
Received Import Request.
  Time since last request: 0.000929 seconds.
  path: Assets/SciFi Warehouse Kit/Art/Meshes/Structures/Pillars and Beams/Ceiling Beam.fbx
  artifactKey: Guid(c2a481fb44d768d48a5cb49f20379c15) Importer(2089858483,0ecaa5967403d082aa24f35e1b516d23)
Start importing Assets/SciFi Warehouse Kit/Art/Meshes/Structures/Pillars and Beams/Ceiling Beam.fbx using Guid(c2a481fb44d768d48a5cb49f20379c15) Importer(2089858483,0ecaa5967403d082aa24f35e1b516d23) Generated GUIDs only implemented for interfaces!
 -> (artifact id: '5b676b1e9a2cdb05806e831b60814881') in 0.051454 seconds
Number of updated asset objects reloaded before import = 0
Number of asset objects unloaded after import = 7
========================================================================
Received Import Request.
  Time since last request: 0.001919 seconds.
  path: Assets/SciFi Warehouse Kit/Prefabs/Structures/Catwalk/Catwalk Rails Long.prefab
  artifactKey: Guid(4e661a4b9cf2fac4dbc610ceb59e77b8) Importer(2089858483,0ecaa5967403d082aa24f35e1b516d23)
Start importing Assets/SciFi Warehouse Kit/Prefabs/Structures/Catwalk/Catwalk Rails Long.prefab using Guid(4e661a4b9cf2fac4dbc610ceb59e77b8) Importer(2089858483,0ecaa5967403d082aa24f35e1b516d23) Generated GUIDs only implemented for interfaces!
 -> (artifact id: 'd0e420e12937f4c5e2a04e85057c00df') in 0.040203 seconds
Number of updated asset objects reloaded before import = 0
Number of asset objects unloaded after import = 8
========================================================================
Received Import Request.
  Time since last request: 0.014684 seconds.
  path: Assets/SciFi Warehouse Kit/Prefabs/Structures/Structure Props/Pipes 01.prefab
  artifactKey: Guid(a481acdedee58d04aa1ddfe33e937ea7) Importer(2089858483,0ecaa5967403d082aa24f35e1b516d23)
Start importing Assets/SciFi Warehouse Kit/Prefabs/Structures/Structure Props/Pipes 01.prefab using Guid(a481acdedee58d04aa1ddfe33e937ea7) Importer(2089858483,0ecaa5967403d082aa24f35e1b516d23) Generated GUIDs only implemented for interfaces!
 -> (artifact id: 'd9d1d7d0a4b7715823db26b07f1a4905') in 0.036750 seconds
Number of updated asset objects reloaded before import = 0
Number of asset objects unloaded after import = 7
========================================================================
Received Import Request.
  Time since last request: 0.000833 seconds.
  path: Assets/SciFi Warehouse Kit/Demo/Audio/SFX/pressure_release_01.wav
  artifactKey: Guid(10dbe0d3efc047c49ade2a16910ba3d5) Importer(2089858483,0ecaa5967403d082aa24f35e1b516d23)
Start importing Assets/SciFi Warehouse Kit/Demo/Audio/SFX/pressure_release_01.wav using Guid(10dbe0d3efc047c49ade2a16910ba3d5) Importer(2089858483,0ecaa5967403d082aa24f35e1b516d23) Generated GUIDs only implemented for interfaces!
 -> (artifact id: 'ae5f2d212a3749169ceae2f37b0b1fe7') in 0.176206 seconds
Number of updated asset objects reloaded before import = 0
Number of asset objects unloaded after import = 1
========================================================================
Received Import Request.
  Time since last request: 0.000725 seconds.
  path: Assets/SciFi Warehouse Kit/Art/Materials/Structure Mat.mat
  artifactKey: Guid(8ff1df6862ae9684eb34810df64bc115) Importer(2089858483,0ecaa5967403d082aa24f35e1b516d23)
Start importing Assets/SciFi Warehouse Kit/Art/Materials/Structure Mat.mat using Guid(8ff1df6862ae9684eb34810df64bc115) Importer(2089858483,0ecaa5967403d082aa24f35e1b516d23) Generated GUIDs only implemented for interfaces!
 -> (artifact id: '615bcdb344c40ba8c59ceb9382386855') in 0.050652 seconds
Number of updated asset objects reloaded before import = 0
Number of asset objects unloaded after import = 3
========================================================================
Received Import Request.
  Time since last request: 0.003348 seconds.
  path: Assets/SciFi Warehouse Kit/Demo
  artifactKey: Guid(71f479b99f6e39a4b97f66327d20bd10) Importer(2089858483,0ecaa5967403d082aa24f35e1b516d23)
Start importing Assets/SciFi Warehouse Kit/Demo using Guid(71f479b99f6e39a4b97f66327d20bd10) Importer(2089858483,0ecaa5967403d082aa24f35e1b516d23) Generated GUIDs only implemented for interfaces!
 -> (artifact id: 'b8cee7a3453bc11b7531881b5131fe88') in 0.022232 seconds
Number of updated asset objects reloaded before import = 0
Number of asset objects unloaded after import = 1
========================================================================
Received Import Request.
  Time since last request: 0.000031 seconds.
  path: Assets/SciFi Warehouse Kit/Prefabs/Props/Ducts/Duct Vent.prefab
  artifactKey: Guid(573ef1f633878a64f8caef594c1c31d5) Importer(2089858483,0ecaa5967403d082aa24f35e1b516d23)
Start importing Assets/SciFi Warehouse Kit/Prefabs/Props/Ducts/Duct Vent.prefab using Guid(573ef1f633878a64f8caef594c1c31d5) Importer(2089858483,0ecaa5967403d082aa24f35e1b516d23) Generated GUIDs only implemented for interfaces!
 -> (artifact id: 'f98d9806377fcfa19a2e5f8e767f5a76') in 0.058442 seconds
Number of updated asset objects reloaded before import = 0
Number of asset objects unloaded after import = 8
========================================================================
Received Import Request.
  Time since last request: 0.000033 seconds.
  path: Assets/SciFi Warehouse Kit/Art/Meshes/Structures/Corridors/Corridor Doors Lights.fbx
  artifactKey: Guid(04c4d664893776444ac42f486e433938) Importer(2089858483,0ecaa5967403d082aa24f35e1b516d23)
Start importing Assets/SciFi Warehouse Kit/Art/Meshes/Structures/Corridors/Corridor Doors Lights.fbx using Guid(04c4d664893776444ac42f486e433938) Importer(2089858483,0ecaa5967403d082aa24f35e1b516d23) Generated GUIDs only implemented for interfaces!
 -> (artifact id: '3f44788bd421a06d3220395e55a07e58') in 0.083769 seconds
Number of updated asset objects reloaded before import = 0
Number of asset objects unloaded after import = 34
========================================================================
Received Import Request.
  Time since last request: 0.001429 seconds.
  path: Assets/SciFi Warehouse Kit/Art/Meshes/Structures/Structure Props
  artifactKey: Guid(70eeb519e080bf04da017b4e4c958576) Importer(2089858483,0ecaa5967403d082aa24f35e1b516d23)
Start importing Assets/SciFi Warehouse Kit/Art/Meshes/Structures/Structure Props using Guid(70eeb519e080bf04da017b4e4c958576) Importer(2089858483,0ecaa5967403d082aa24f35e1b516d23) Generated GUIDs only implemented for interfaces!
 -> (artifact id: '0f23004356e2eb4e1cf7ab68d9fe33da') in 0.042412 seconds
Number of updated asset objects reloaded before import = 0
Number of asset objects unloaded after import = 1
========================================================================
Received Import Request.
  Time since last request: 0.058477 seconds.
  path: Assets/SciFi Warehouse Kit/Art/Textures/walls_n.png
  artifactKey: Guid(1153af84499b94845918edffb27b71fa) Importer(2089858483,0ecaa5967403d082aa24f35e1b516d23)
Start importing Assets/SciFi Warehouse Kit/Art/Textures/walls_n.png using Guid(1153af84499b94845918edffb27b71fa) Importer(2089858483,0ecaa5967403d082aa24f35e1b516d23) Generated GUIDs only implemented for interfaces!
 -> (artifact id: 'e840963c84029eb2ac084d6097e3d022') in 0.080796 seconds
Number of updated asset objects reloaded before import = 0
Number of asset objects unloaded after import = 1
========================================================================
Received Import Request.
  Time since last request: 0.001481 seconds.
  path: Assets/SciFi Warehouse Kit/Art/Meshes/Structures/Floor/Floor Tile 04.fbx
  artifactKey: Guid(16c8394e6de71fe418ee7d27508f01df) Importer(2089858483,0ecaa5967403d082aa24f35e1b516d23)
Start importing Assets/SciFi Warehouse Kit/Art/Meshes/Structures/Floor/Floor Tile 04.fbx using Guid(16c8394e6de71fe418ee7d27508f01df) Importer(2089858483,0ecaa5967403d082aa24f35e1b516d23) Generated GUIDs only implemented for interfaces!
 -> (artifact id: '6c828a5391ad513d2846cc115ee70254') in 0.116139 seconds
Number of updated asset objects reloaded before import = 0
Number of asset objects unloaded after import = 7
========================================================================
Received Import Request.
  Time since last request: 0.002024 seconds.
  path: Assets/SciFi Warehouse Kit/Art/Textures/ceiling_window_s.png
  artifactKey: Guid(3aa70f3ce5d978f4da47a31fea91c548) Importer(2089858483,0ecaa5967403d082aa24f35e1b516d23)
Start importing Assets/SciFi Warehouse Kit/Art/Textures/ceiling_window_s.png using Guid(3aa70f3ce5d978f4da47a31fea91c548) Importer(2089858483,0ecaa5967403d082aa24f35e1b516d23) Generated GUIDs only implemented for interfaces!
 -> (artifact id: '72cf28248d85aa86918148f1aa371ccc') in 0.110441 seconds
Number of updated asset objects reloaded before import = 0
Number of asset objects unloaded after import = 1
Editor requested this worker to shutdown with reason: balancing worker count downwards
TcpMessagingSession - receive error: operation aborted. errorcode: 995, details: The I/O operation has been aborted because of either a thread exit or an application request.
AssetImportWorker is now disconnected from the server
Process exiting
Exiting without the bug reporter. Application will terminate with return code 0