Using pre-set license
Built from '2022.3/staging' branch; Version is '2022.3.4f1 (35713cd46cd7) revision 3502396'; Using compiler version '192829333'; Build Type 'Release'
OS: 'Windows 10  (10.0.19045) 64bit Core' Language: 'en' Physical Memory: 15775 MB
BatchMode: 1, IsHumanControllingUs: 0, StartBugReporterOnCrash: 0, Is64bit: 1, IsPro: 1

COMMAND LINE ARGUMENTS:
C:\Program Files\Unity\Hub\Editor\2022.3.4f1\Editor\Unity.exe
-adb2
-batchMode
-noUpm
-name
AssetImportWorker12
-projectPath
C:/Users/ianal/OneDrive/Documents/GitHub/extract-Hacker-
-logFile
Logs/AssetImportWorker12.log
-srvPort
50616
Successfully changed project path to: C:/Users/ianal/OneDrive/Documents/GitHub/extract-Hacker-
C:/Users/ianal/OneDrive/Documents/GitHub/extract-Hacker-
[UnityMemory] Configuration Parameters - Can be set up in boot.config
    "memorysetup-bucket-allocator-granularity=16"
    "memorysetup-bucket-allocator-bucket-count=8"
    "memorysetup-bucket-allocator-block-size=33554432"
    "memorysetup-bucket-allocator-block-count=8"
    "memorysetup-main-allocator-block-size=16777216"
    "memorysetup-thread-allocator-block-size=16777216"
    "memorysetup-gfx-main-allocator-block-size=16777216"
    "memorysetup-gfx-thread-allocator-block-size=16777216"
    "memorysetup-cache-allocator-block-size=4194304"
    "memorysetup-typetree-allocator-block-size=2097152"
    "memorysetup-profiler-bucket-allocator-granularity=16"
    "memorysetup-profiler-bucket-allocator-bucket-count=8"
    "memorysetup-profiler-bucket-allocator-block-size=33554432"
    "memorysetup-profiler-bucket-allocator-block-count=8"
    "memorysetup-profiler-allocator-block-size=16777216"
    "memorysetup-profiler-editor-allocator-block-size=1048576"
    "memorysetup-temp-allocator-size-main=16777216"
    "memorysetup-job-temp-allocator-block-size=2097152"
    "memorysetup-job-temp-allocator-block-size-background=1048576"
    "memorysetup-job-temp-allocator-reduction-small-platforms=262144"
    "memorysetup-allocator-temp-initial-block-size-main=262144"
    "memorysetup-allocator-temp-initial-block-size-worker=262144"
    "memorysetup-temp-allocator-size-background-worker=32768"
    "memorysetup-temp-allocator-size-job-worker=262144"
    "memorysetup-temp-allocator-size-preload-manager=33554432"
    "memorysetup-temp-allocator-size-nav-mesh-worker=65536"
    "memorysetup-temp-allocator-size-audio-worker=65536"
    "memorysetup-temp-allocator-size-cloud-worker=32768"
    "memorysetup-temp-allocator-size-gi-baking-worker=262144"
    "memorysetup-temp-allocator-size-gfx=262144"
Player connection [16004] Host "[IP] 192.168.56.1 [Port] 0 [Flags] 2 [Guid] 3638652264 [EditorId] 3638652264 [Version] 1048832 [Id] WindowsEditor(7,LAPTOP-H19LLI3S) [Debug] 1 [PackageName] WindowsEditor [ProjectName] Editor" joined multi-casting on [225.0.0.222:54997]...

Player connection [16004] Host "[IP] 192.168.56.1 [Port] 0 [Flags] 2 [Guid] 3638652264 [EditorId] 3638652264 [Version] 1048832 [Id] WindowsEditor(7,LAPTOP-H19LLI3S) [Debug] 1 [PackageName] WindowsEditor [ProjectName] Editor" joined alternative multi-casting on [225.0.0.222:34997]...

Refreshing native plugins compatible for Editor in 32.77 ms, found 3 plugins.
Preloading 0 native plugins for Editor in 0.00 ms.
Initialize engine version: 2022.3.4f1 (35713cd46cd7)
[Subsystems] Discovering subsystems at path C:/Program Files/Unity/Hub/Editor/2022.3.4f1/Editor/Data/Resources/UnitySubsystems
[Subsystems] Discovering subsystems at path C:/Users/ianal/OneDrive/Documents/GitHub/extract-Hacker-/Assets
GfxDevice: creating device client; threaded=0; jobified=0
Direct3D:
    Version:  Direct3D 11.0 [level 11.1]
    Renderer: NVIDIA GeForce RTX 3060 Laptop GPU (ID=0x2520)
    Vendor:   NVIDIA
    VRAM:     6010 MB
    Driver:   31.0.15.4680
Initialize mono
Mono path[0] = 'C:/Program Files/Unity/Hub/Editor/2022.3.4f1/Editor/Data/Managed'
Mono path[1] = 'C:/Program Files/Unity/Hub/Editor/2022.3.4f1/Editor/Data/MonoBleedingEdge/lib/mono/unityjit-win32'
Mono config path = 'C:/Program Files/Unity/Hub/Editor/2022.3.4f1/Editor/Data/MonoBleedingEdge/etc'
Using monoOptions --debugger-agent=transport=dt_socket,embedding=1,server=y,suspend=n,address=127.0.0.1:56820
Begin MonoManager ReloadAssembly
Registering precompiled unity dll's ...
Register platform support module: C:/Program Files/Unity/Hub/Editor/2022.3.4f1/Editor/Data/PlaybackEngines/WindowsStandaloneSupport/UnityEditor.WindowsStandalone.Extensions.dll
Registered in 0.025009 seconds.
- Loaded All Assemblies, in  0.699 seconds
Native extension for WindowsStandalone target not found
Mono: successfully reloaded assembly
- Finished resetting the current domain, in  0.517 seconds
Domain Reload Profiling: 1210ms
	BeginReloadAssembly (193ms)
		ExecutionOrderSort (0ms)
		DisableScriptedObjects (0ms)
		BackupInstance (0ms)
		ReleaseScriptingObjects (0ms)
		CreateAndSetChildDomain (1ms)
	RebuildCommonClasses (64ms)
	RebuildNativeTypeToScriptingClass (17ms)
	initialDomainReloadingComplete (140ms)
	LoadAllAssembliesAndSetupDomain (279ms)
		LoadAssemblies (186ms)
		RebuildTransferFunctionScriptingTraits (0ms)
		AnalyzeDomain (260ms)
			TypeCache.Refresh (259ms)
				TypeCache.ScanAssembly (231ms)
			ScanForSourceGeneratedMonoScriptInfo (1ms)
			ResolveRequiredComponents (1ms)
	FinalizeReload (518ms)
		ReleaseScriptCaches (0ms)
		RebuildScriptCaches (0ms)
		SetupLoadedEditorAssemblies (391ms)
			LogAssemblyErrors (0ms)
			InitializePlatformSupportModulesInManaged (22ms)
			SetLoadedEditorAssemblies (14ms)
			RefreshPlugins (0ms)
			BeforeProcessingInitializeOnLoad (3ms)
			ProcessInitializeOnLoadAttributes (267ms)
			ProcessInitializeOnLoadMethodAttributes (85ms)
			AfterProcessingInitializeOnLoad (0ms)
			EditorAssembliesLoaded (0ms)
		ExecutionOrderSort2 (0ms)
		AwakeInstancesAfterBackupRestoration (0ms)
========================================================================
Worker process is ready to serve import requests
Begin MonoManager ReloadAssembly
Symbol file LoadedFromMemory doesn't match image C:\Users\ianal\OneDrive\Documents\GitHub\extract-Hacker-\Library\PackageCache\com.unity.visualscripting@1.8.0\Editor\VisualScripting.Core\Dependencies\YamlDotNet\Unity.VisualScripting.YamlDotNet.dll
Symbol file LoadedFromMemory doesn't match image C:\Users\ianal\OneDrive\Documents\GitHub\extract-Hacker-\Library\PackageCache\com.unity.visualscripting@1.8.0\Editor\VisualScripting.Core\Dependencies\DotNetZip\Unity.VisualScripting.IonicZip.dll
- Loaded All Assemblies, in  1.789 seconds
Refreshing native plugins compatible for Editor in 11.97 ms, found 3 plugins.
Native extension for WindowsStandalone target not found
Mono: successfully reloaded assembly
- Finished resetting the current domain, in  1.541 seconds
Domain Reload Profiling: 3316ms
	BeginReloadAssembly (310ms)
		ExecutionOrderSort (0ms)
		DisableScriptedObjects (10ms)
		BackupInstance (0ms)
		ReleaseScriptingObjects (0ms)
		CreateAndSetChildDomain (53ms)
	RebuildCommonClasses (68ms)
	RebuildNativeTypeToScriptingClass (20ms)
	initialDomainReloadingComplete (96ms)
	LoadAllAssembliesAndSetupDomain (1280ms)
		LoadAssemblies (840ms)
		RebuildTransferFunctionScriptingTraits (0ms)
		AnalyzeDomain (589ms)
			TypeCache.Refresh (528ms)
				TypeCache.ScanAssembly (502ms)
			ScanForSourceGeneratedMonoScriptInfo (42ms)
			ResolveRequiredComponents (19ms)
	FinalizeReload (1542ms)
		ReleaseScriptCaches (0ms)
		RebuildScriptCaches (0ms)
		SetupLoadedEditorAssemblies (1171ms)
			LogAssemblyErrors (0ms)
			InitializePlatformSupportModulesInManaged (25ms)
			SetLoadedEditorAssemblies (17ms)
			RefreshPlugins (0ms)
			BeforeProcessingInitializeOnLoad (246ms)
			ProcessInitializeOnLoadAttributes (711ms)
			ProcessInitializeOnLoadMethodAttributes (139ms)
			AfterProcessingInitializeOnLoad (33ms)
			EditorAssembliesLoaded (0ms)
		ExecutionOrderSort2 (0ms)
		AwakeInstancesAfterBackupRestoration (12ms)
Launched and connected shader compiler UnityShaderCompiler.exe after 0.21 seconds
Refreshing native plugins compatible for Editor in 58.61 ms, found 3 plugins.
Preloading 0 native plugins for Editor in 0.00 ms.
Unloading 5172 Unused Serialized files (Serialized files now loaded: 0)
Unloading 77 unused Assets / (1.6 MB). Loaded Objects now: 5628.
Memory consumption went from 221.6 MB to 220.0 MB.
Total: 20.600600 ms (FindLiveObjects: 1.576900 ms CreateObjectMapping: 0.523600 ms MarkObjects: 16.306300 ms  DeleteObjects: 2.189700 ms)

AssetImportParameters requested are different than current active one (requested -> active):
  custom:container-demuxer-ogg: 62fdf1f143b41e24485cea50d1cbac27 -> 
  custom:video-codec-MediaFoundation-h265: 746d11721c4dcdbdad8f713fa42b33f4 -> 
  custom:video-decoder-ogg-theora: a1e56fd34408186e4bbccfd4996cb3dc -> 
  custom:framework-win-MediaFoundation: 216162199b28c13a410421893ffa2e32 -> 
  custom:CustomObjectIndexerAttribute: d54d2f2da18e7612c182cf67624b6b12 -> 
  custom:container-demuxer-webm: 4f35f7cbe854078d1ac9338744f61a02 -> 
  custom:container-muxer-webm: aa71ff27fc2769a1b78a27578f13a17b -> 
  custom:video-decoder-webm-vp8: 9c59270c3fd7afecdb556c50c9e8de78 -> 
  custom:AudioImporter_EditorPlatform: d09bf68614088b80899f8185d706f6e7 -> 
  custom:video-encoder-webm-vp8: eb34c28f22e8b96e1ab97ce403110664 -> 
  custom:audio-decoder-ogg-vorbis: bf7c407c2cedff20999df2af8eb42d56 -> 
  custom:audio-encoder-webm-vorbis: bf7c407c2cedff20999df2af8eb42d56 -> 
========================================================================
Received Import Request.
  Time since last request: 1030.333447 seconds.
  path: Assets/TextMesh Pro/Resources/Fonts & Materials/LiberationSans SDF - Drop Shadow.mat
  artifactKey: Guid(e73a58f6e2794ae7b1b7e50b7fb811b0) Importer(2089858483,0ecaa5967403d082aa24f35e1b516d23)
Start importing Assets/TextMesh Pro/Resources/Fonts & Materials/LiberationSans SDF - Drop Shadow.mat using Guid(e73a58f6e2794ae7b1b7e50b7fb811b0) Importer(2089858483,0ecaa5967403d082aa24f35e1b516d23) Generated GUIDs only implemented for interfaces!
 -> (artifact id: 'd42caf9412c16a31c8dde35910b0fa70') in 0.496614 seconds
Number of updated asset objects reloaded before import = 0
Number of asset objects unloaded after import = 2
========================================================================
Received Import Request.
  Time since last request: 0.000460 seconds.
  path: Assets/Mesh/Wall_Meshes/Materials
  artifactKey: Guid(608cdedffeeb945ec96182f72f1bf294) Importer(2089858483,0ecaa5967403d082aa24f35e1b516d23)
Start importing Assets/Mesh/Wall_Meshes/Materials using Guid(608cdedffeeb945ec96182f72f1bf294) Importer(2089858483,0ecaa5967403d082aa24f35e1b516d23) Generated GUIDs only implemented for interfaces!
 -> (artifact id: '0cb5208500e27ddeabf9f55cd2ec95d1') in 0.037446 seconds
Number of updated asset objects reloaded before import = 0
Number of asset objects unloaded after import = 1
========================================================================
Received Import Request.
  Time since last request: 0.002573 seconds.
  path: Assets/SciFi Warehouse Kit/Prefabs/Structures/Structure Props/Sprinkler 06.prefab
  artifactKey: Guid(31452322714d2494d8edd50f507c751a) Importer(2089858483,3d70f49cd1c2eb9ae422958d1c652c6b)
Start importing Assets/SciFi Warehouse Kit/Prefabs/Structures/Structure Props/Sprinkler 06.prefab using Guid(31452322714d2494d8edd50f507c751a) Importer(2089858483,3d70f49cd1c2eb9ae422958d1c652c6b) Generated GUIDs only implemented for interfaces!
 -> (artifact id: 'c888eb8cedc911656199c387d3434d71') in 0.168779 seconds
Number of updated asset objects reloaded before import = 0
Number of asset objects unloaded after import = 8
========================================================================
Received Import Request.
  Time since last request: 0.001705 seconds.
  path: Assets/SciFi Warehouse Kit/Prefabs/Props/Crates Barrels Pallets/Pallet Variations/Pallet Variation 09.prefab
  artifactKey: Guid(2f95fc8c5850f244490b2a999cdebf24) Importer(2089858483,3d70f49cd1c2eb9ae422958d1c652c6b)
Start importing Assets/SciFi Warehouse Kit/Prefabs/Props/Crates Barrels Pallets/Pallet Variations/Pallet Variation 09.prefab using Guid(2f95fc8c5850f244490b2a999cdebf24) Importer(2089858483,3d70f49cd1c2eb9ae422958d1c652c6b) Generated GUIDs only implemented for interfaces!
 -> (artifact id: 'da0a56e608569d73acb9a4f660f3ec71') in 0.040483 seconds
Number of updated asset objects reloaded before import = 0
Number of asset objects unloaded after import = 33
========================================================================
Received Import Request.
  Time since last request: 0.000613 seconds.
  path: Assets/Prefabs/Wall_Prefabs/Room_Big_Part_04.prefab
  artifactKey: Guid(338a3a19b542e4a5bae99feecf242132) Importer(2089858483,3d70f49cd1c2eb9ae422958d1c652c6b)
Start importing Assets/Prefabs/Wall_Prefabs/Room_Big_Part_04.prefab using Guid(338a3a19b542e4a5bae99feecf242132) Importer(2089858483,3d70f49cd1c2eb9ae422958d1c652c6b) Generated GUIDs only implemented for interfaces!
 -> (artifact id: '4872e5a874e75df8836a7a561898dd21') in 0.057358 seconds
Number of updated asset objects reloaded before import = 0
Number of asset objects unloaded after import = 119
========================================================================
Received Import Request.
  Time since last request: 0.000798 seconds.
  path: Assets/Textures/Drones_Textures/Robot_Scout_Emission.png
  artifactKey: Guid(d9d41b8ffb5f18c4ea8fe9792a13635b) Importer(2089858483,0ecaa5967403d082aa24f35e1b516d23)
Start importing Assets/Textures/Drones_Textures/Robot_Scout_Emission.png using Guid(d9d41b8ffb5f18c4ea8fe9792a13635b) Importer(2089858483,0ecaa5967403d082aa24f35e1b516d23) Generated GUIDs only implemented for interfaces!
 -> (artifact id: '0e7126c3e304b7a3fd1c3753aa43dc3a') in 0.125517 seconds
Number of updated asset objects reloaded before import = 0
Number of asset objects unloaded after import = 1
========================================================================
Received Import Request.
  Time since last request: 0.000910 seconds.
  path: Assets/SciFi Warehouse Kit/Prefabs/Props/Crates Barrels Pallets/Pallet Variations/Pallet Variation 07.prefab
  artifactKey: Guid(19782abfa2feab045a7110ffc30b6be8) Importer(2089858483,3d70f49cd1c2eb9ae422958d1c652c6b)
Start importing Assets/SciFi Warehouse Kit/Prefabs/Props/Crates Barrels Pallets/Pallet Variations/Pallet Variation 07.prefab using Guid(19782abfa2feab045a7110ffc30b6be8) Importer(2089858483,3d70f49cd1c2eb9ae422958d1c652c6b) Generated GUIDs only implemented for interfaces!
 -> (artifact id: '2e308ffba6ddd245981987a9ca878151') in 0.034105 seconds
Number of updated asset objects reloaded before import = 0
Number of asset objects unloaded after import = 40
========================================================================
Received Import Request.
  Time since last request: 0.000053 seconds.
  path: Assets/SciFi Warehouse Kit/Prefabs/Props/Misc Props/Hanging Light.prefab
  artifactKey: Guid(9f50fdb071f54674f8166b46f510ad84) Importer(2089858483,3d70f49cd1c2eb9ae422958d1c652c6b)
Start importing Assets/SciFi Warehouse Kit/Prefabs/Props/Misc Props/Hanging Light.prefab using Guid(9f50fdb071f54674f8166b46f510ad84) Importer(2089858483,3d70f49cd1c2eb9ae422958d1c652c6b) Generated GUIDs only implemented for interfaces!
 -> (artifact id: '9610bca323c9c28fa92cc3754c9975ae') in 0.040157 seconds
Number of updated asset objects reloaded before import = 0
Number of asset objects unloaded after import = 16
========================================================================
Received Import Request.
  Time since last request: 0.001961 seconds.
  path: Assets/HorrorPuzzleItems/Floppy/Textures
  artifactKey: Guid(79dff8907d6057040bf6b8a540b58e11) Importer(2089858483,0ecaa5967403d082aa24f35e1b516d23)
Start importing Assets/HorrorPuzzleItems/Floppy/Textures using Guid(79dff8907d6057040bf6b8a540b58e11) Importer(2089858483,0ecaa5967403d082aa24f35e1b516d23) Generated GUIDs only implemented for interfaces!
 -> (artifact id: 'a592cdbfe9175060f0e49964874d53e2') in 0.036091 seconds
Number of updated asset objects reloaded before import = 0
Number of asset objects unloaded after import = 1
========================================================================
Received Import Request.
  Time since last request: 0.001360 seconds.
  path: Assets/HorrorPuzzleItems/SmallKey/Materials
  artifactKey: Guid(8c66dc2a1678a5d478a2b8fcfd75916b) Importer(2089858483,0ecaa5967403d082aa24f35e1b516d23)
Start importing Assets/HorrorPuzzleItems/SmallKey/Materials using Guid(8c66dc2a1678a5d478a2b8fcfd75916b) Importer(2089858483,0ecaa5967403d082aa24f35e1b516d23) Generated GUIDs only implemented for interfaces!
 -> (artifact id: '11ccbc79ee3c15ede9d5f6582ae53490') in 0.034954 seconds
Number of updated asset objects reloaded before import = 0
Number of asset objects unloaded after import = 1
========================================================================
Received Import Request.
  Time since last request: 0.000257 seconds.
  path: Assets/HorrorPuzzleItems/Crank/Materials/New Material.mat
  artifactKey: Guid(640f35da4ab27df449e9579e8c01733b) Importer(2089858483,0ecaa5967403d082aa24f35e1b516d23)
Start importing Assets/HorrorPuzzleItems/Crank/Materials/New Material.mat using Guid(640f35da4ab27df449e9579e8c01733b) Importer(2089858483,0ecaa5967403d082aa24f35e1b516d23) Generated GUIDs only implemented for interfaces!
 -> (artifact id: 'eefcbc65714d6ad8cb739329a9b1f953') in 0.076462 seconds
Number of updated asset objects reloaded before import = 0
Number of asset objects unloaded after import = 2
========================================================================
Received Import Request.
  Time since last request: 0.006567 seconds.
  path: Assets/TextMesh Pro/Resources/LineBreaking Leading Characters.txt
  artifactKey: Guid(d82c1b31c7e74239bff1220585707d2b) Importer(2089858483,0ecaa5967403d082aa24f35e1b516d23)
Start importing Assets/TextMesh Pro/Resources/LineBreaking Leading Characters.txt using Guid(d82c1b31c7e74239bff1220585707d2b) Importer(2089858483,0ecaa5967403d082aa24f35e1b516d23) Generated GUIDs only implemented for interfaces!
 -> (artifact id: '4e93ec05949de80f097201cc8226b9fd') in 0.041348 seconds
Number of updated asset objects reloaded before import = 0
Number of asset objects unloaded after import = 1
========================================================================
Received Import Request.
  Time since last request: 0.000214 seconds.
  path: Assets/HorrorPuzzleItems/Cable/Icons
  artifactKey: Guid(98697e1a155c13e4281ecbbed27a4cce) Importer(2089858483,0ecaa5967403d082aa24f35e1b516d23)
Start importing Assets/HorrorPuzzleItems/Cable/Icons using Guid(98697e1a155c13e4281ecbbed27a4cce) Importer(2089858483,0ecaa5967403d082aa24f35e1b516d23) Generated GUIDs only implemented for interfaces!
 -> (artifact id: 'bcd1142f05f6f9bc427ca58a0f04bc79') in 0.024149 seconds
Number of updated asset objects reloaded before import = 0
Number of asset objects unloaded after import = 1
========================================================================
Received Import Request.
  Time since last request: 0.000910 seconds.
  path: Assets/TextMesh Pro/Resources/Style Sheets
  artifactKey: Guid(4aecb92fff08436c8303b10eab8da368) Importer(2089858483,0ecaa5967403d082aa24f35e1b516d23)
Start importing Assets/TextMesh Pro/Resources/Style Sheets using Guid(4aecb92fff08436c8303b10eab8da368) Importer(2089858483,0ecaa5967403d082aa24f35e1b516d23) Generated GUIDs only implemented for interfaces!
 -> (artifact id: '477fd39198bbe9af3ac331848eedb384') in 0.055726 seconds
Number of updated asset objects reloaded before import = 0
Number of asset objects unloaded after import = 1
========================================================================
Received Import Request.
  Time since last request: 0.000046 seconds.
  path: Assets/TextMesh Pro/Resources/TMP Settings.asset
  artifactKey: Guid(3f5b5dff67a942289a9defa416b206f3) Importer(2089858483,0ecaa5967403d082aa24f35e1b516d23)
Start importing Assets/TextMesh Pro/Resources/TMP Settings.asset using Guid(3f5b5dff67a942289a9defa416b206f3) Importer(2089858483,0ecaa5967403d082aa24f35e1b516d23) Generated GUIDs only implemented for interfaces!
 -> (artifact id: '5bd1d0aa7e1a4c2e396191d31f37ab33') in 0.117559 seconds
Number of updated asset objects reloaded before import = 0
Number of asset objects unloaded after import = 15
========================================================================
Received Import Request.
  Time since last request: 0.001445 seconds.
  path: Assets/Prefabs/Wall_Prefabs/Wall_HalfArc_90_03.prefab
  artifactKey: Guid(ff42754d1c37f4da7b050c07fe83d3af) Importer(2089858483,0ecaa5967403d082aa24f35e1b516d23)
Start importing Assets/Prefabs/Wall_Prefabs/Wall_HalfArc_90_03.prefab using Guid(ff42754d1c37f4da7b050c07fe83d3af) Importer(2089858483,0ecaa5967403d082aa24f35e1b516d23) Generated GUIDs only implemented for interfaces!
 -> (artifact id: '7dc1294cbe161d4df6e96e840c4b432e') in 0.036400 seconds
Number of updated asset objects reloaded before import = 0
Number of asset objects unloaded after import = 24
========================================================================
Received Import Request.
  Time since last request: 0.002899 seconds.
  path: Assets/Materials/Drones_Materials/Robot_Scout_HyperX_Front_Red.mat
  artifactKey: Guid(7df1039416db3414a959c95bb6185918) Importer(2089858483,0ecaa5967403d082aa24f35e1b516d23)
Start importing Assets/Materials/Drones_Materials/Robot_Scout_HyperX_Front_Red.mat using Guid(7df1039416db3414a959c95bb6185918) Importer(2089858483,0ecaa5967403d082aa24f35e1b516d23) Generated GUIDs only implemented for interfaces!
 -> (artifact id: 'c4dc4862c8e28507e07b3cb08444c066') in 0.290356 seconds
Number of updated asset objects reloaded before import = 0
Number of asset objects unloaded after import = 5
========================================================================
Received Import Request.
  Time since last request: 0.003549 seconds.
  path: Assets/SciFi Warehouse Kit/Prefabs/Props/Crates Barrels Pallets/Crate Short.prefab
  artifactKey: Guid(aedebdaeae12a6743b39120d2f5156b0) Importer(2089858483,3d70f49cd1c2eb9ae422958d1c652c6b)
Start importing Assets/SciFi Warehouse Kit/Prefabs/Props/Crates Barrels Pallets/Crate Short.prefab using Guid(aedebdaeae12a6743b39120d2f5156b0) Importer(2089858483,3d70f49cd1c2eb9ae422958d1c652c6b) Generated GUIDs only implemented for interfaces!
 -> (artifact id: '58fddd2dfa8e83da6b251006cc78e912') in 0.028332 seconds
Number of updated asset objects reloaded before import = 0
Number of asset objects unloaded after import = 9
========================================================================
Received Import Request.
  Time since last request: 0.000438 seconds.
  path: Assets/SciFi Warehouse Kit/Prefabs/Structures/Floor/Floor Tile 04.prefab
  artifactKey: Guid(f9e1a0158e9f7a545a16fa7c2aa7be4e) Importer(2089858483,3d70f49cd1c2eb9ae422958d1c652c6b)
Start importing Assets/SciFi Warehouse Kit/Prefabs/Structures/Floor/Floor Tile 04.prefab using Guid(f9e1a0158e9f7a545a16fa7c2aa7be4e) Importer(2089858483,3d70f49cd1c2eb9ae422958d1c652c6b) Generated GUIDs only implemented for interfaces!
 -> (artifact id: '851b084e73a713d9d77b7e19db2b4fa7') in 0.035874 seconds
Number of updated asset objects reloaded before import = 0
Number of asset objects unloaded after import = 9
========================================================================
Received Import Request.
  Time since last request: 0.001153 seconds.
  path: Assets/SciFi Warehouse Kit/Prefabs/Props/Crates Barrels Pallets/Pallet Variations/Pallet Variation 05.prefab
  artifactKey: Guid(d96e3ff0793bd824fb6771e987a80a35) Importer(2089858483,3d70f49cd1c2eb9ae422958d1c652c6b)
Start importing Assets/SciFi Warehouse Kit/Prefabs/Props/Crates Barrels Pallets/Pallet Variations/Pallet Variation 05.prefab using Guid(d96e3ff0793bd824fb6771e987a80a35) Importer(2089858483,3d70f49cd1c2eb9ae422958d1c652c6b) Generated GUIDs only implemented for interfaces!
 -> (artifact id: 'e6d3c07afc5cf627caa889d5b155f6f7') in 0.043287 seconds
Number of updated asset objects reloaded before import = 0
Number of asset objects unloaded after import = 40
========================================================================
Received Import Request.
  Time since last request: 0.000403 seconds.
  path: Assets/HorrorPuzzleItems/Lighter/Textures/Lighter_FlowerPattern.png
  artifactKey: Guid(cedd709173717234497ac7fc767ac7d2) Importer(2089858483,0ecaa5967403d082aa24f35e1b516d23)
Start importing Assets/HorrorPuzzleItems/Lighter/Textures/Lighter_FlowerPattern.png using Guid(cedd709173717234497ac7fc767ac7d2) Importer(2089858483,0ecaa5967403d082aa24f35e1b516d23) Generated GUIDs only implemented for interfaces!
 -> (artifact id: '1795dfe0d1882a2ccd61469c0c579e74') in 0.066704 seconds
Number of updated asset objects reloaded before import = 0
Number of asset objects unloaded after import = 1
========================================================================
Received Import Request.
  Time since last request: 0.003331 seconds.
  path: Assets/HorrorPuzzleItems/Gem/Materials/Gem_Yellow.mat
  artifactKey: Guid(aedb89c5a6043854fb79da4a479a32c7) Importer(2089858483,0ecaa5967403d082aa24f35e1b516d23)
Start importing Assets/HorrorPuzzleItems/Gem/Materials/Gem_Yellow.mat using Guid(aedb89c5a6043854fb79da4a479a32c7) Importer(2089858483,0ecaa5967403d082aa24f35e1b516d23) Generated GUIDs only implemented for interfaces!
 -> (artifact id: 'f659b3557f0f8288215b2686bf9512a1') in 0.046465 seconds
Number of updated asset objects reloaded before import = 0
Number of asset objects unloaded after import = 2
========================================================================
Received Import Request.
  Time since last request: 0.004895 seconds.
  path: Assets/HorrorPuzzleItems/USBKey/Textures/USBKey_Blue.png
  artifactKey: Guid(ee5fc128b3828bb46bed14e9f93b71b5) Importer(2089858483,0ecaa5967403d082aa24f35e1b516d23)
Start importing Assets/HorrorPuzzleItems/USBKey/Textures/USBKey_Blue.png using Guid(ee5fc128b3828bb46bed14e9f93b71b5) Importer(2089858483,0ecaa5967403d082aa24f35e1b516d23) Generated GUIDs only implemented for interfaces!
 -> (artifact id: '51cedb287281fe118c72d75bda2abb0a') in 0.071442 seconds
Number of updated asset objects reloaded before import = 0
Number of asset objects unloaded after import = 1
========================================================================
Received Import Request.
  Time since last request: 0.000929 seconds.
  path: Assets/HorrorPuzzleItems/Gem/Prefabs/Gem_Yellow.prefab
  artifactKey: Guid(998383175bea1704fafb8d9a266f119d) Importer(2089858483,0ecaa5967403d082aa24f35e1b516d23)
Start importing Assets/HorrorPuzzleItems/Gem/Prefabs/Gem_Yellow.prefab using Guid(998383175bea1704fafb8d9a266f119d) Importer(2089858483,0ecaa5967403d082aa24f35e1b516d23) Generated GUIDs only implemented for interfaces!
 -> (artifact id: 'ee72cc38e6c37b2b7c38baa016fee60f') in 0.044920 seconds
Number of updated asset objects reloaded before import = 0
Number of asset objects unloaded after import = 9
========================================================================
Received Import Request.
  Time since last request: 0.000074 seconds.
  path: Assets/HorrorPuzzleItems/USBKey/Textures/USBKey_Red.png
  artifactKey: Guid(0dc00336a72773742b4e8ebcaf48b21f) Importer(2089858483,0ecaa5967403d082aa24f35e1b516d23)
Start importing Assets/HorrorPuzzleItems/USBKey/Textures/USBKey_Red.png using Guid(0dc00336a72773742b4e8ebcaf48b21f) Importer(2089858483,0ecaa5967403d082aa24f35e1b516d23) Generated GUIDs only implemented for interfaces!
 -> (artifact id: '2980d6a6f941537b1ab15718c7a7f655') in 0.060447 seconds
Number of updated asset objects reloaded before import = 0
Number of asset objects unloaded after import = 1
========================================================================
Received Import Request.
  Time since last request: 0.008887 seconds.
  path: Assets/Prefabs/KeyCards/Card/Icons
  artifactKey: Guid(6bfe554ada871664ea49d9ae7ef8708b) Importer(2089858483,0ecaa5967403d082aa24f35e1b516d23)
Start importing Assets/Prefabs/KeyCards/Card/Icons using Guid(6bfe554ada871664ea49d9ae7ef8708b) Importer(2089858483,0ecaa5967403d082aa24f35e1b516d23) Generated GUIDs only implemented for interfaces!
 -> (artifact id: 'a72cf9a7f537da849725e64ba95b1107') in 0.036948 seconds
Number of updated asset objects reloaded before import = 0
Number of asset objects unloaded after import = 1
========================================================================
Received Import Request.
  Time since last request: 0.000481 seconds.
  path: Assets/HorrorPuzzleItems/SmallKey/Textures/SmallKey_Rusty.png
  artifactKey: Guid(5bee37bcdd002094fb56441b756e95de) Importer(2089858483,0ecaa5967403d082aa24f35e1b516d23)
Start importing Assets/HorrorPuzzleItems/SmallKey/Textures/SmallKey_Rusty.png using Guid(5bee37bcdd002094fb56441b756e95de) Importer(2089858483,0ecaa5967403d082aa24f35e1b516d23) Generated GUIDs only implemented for interfaces!
 -> (artifact id: 'e81be93c2915782cb55d929b5b59eee0') in 0.078316 seconds
Number of updated asset objects reloaded before import = 0
Number of asset objects unloaded after import = 1
========================================================================
Received Import Request.
  Time since last request: 0.029372 seconds.
  path: Assets/HorrorPuzzleItems/Lighter/Icons/Icon_Lighter_Chrome.png
  artifactKey: Guid(234d6169fa43b0a47bcc0a77b2f339bc) Importer(2089858483,0ecaa5967403d082aa24f35e1b516d23)
Start importing Assets/HorrorPuzzleItems/Lighter/Icons/Icon_Lighter_Chrome.png using Guid(234d6169fa43b0a47bcc0a77b2f339bc) Importer(2089858483,0ecaa5967403d082aa24f35e1b516d23) Generated GUIDs only implemented for interfaces!
 -> (artifact id: '321e72d467ed399ff02e9cfedde3ff95') in 0.116705 seconds
Number of updated asset objects reloaded before import = 0
Number of asset objects unloaded after import = 3
========================================================================
Received Import Request.
  Time since last request: 0.002677 seconds.
  path: Assets/HorrorPuzzleItems/SmallKey/Icons
  artifactKey: Guid(c5d13f4fd73b22343b942e604208b3b6) Importer(2089858483,0ecaa5967403d082aa24f35e1b516d23)
Start importing Assets/HorrorPuzzleItems/SmallKey/Icons using Guid(c5d13f4fd73b22343b942e604208b3b6) Importer(2089858483,0ecaa5967403d082aa24f35e1b516d23) Generated GUIDs only implemented for interfaces!
 -> (artifact id: '65a9b88c982b9086dffd7dd3ccddb165') in 0.023336 seconds
Number of updated asset objects reloaded before import = 0
Number of asset objects unloaded after import = 1
========================================================================
Received Import Request.
  Time since last request: 0.001794 seconds.
  path: Assets/Textures/Wall_Textures/Diffuse_01.png
  artifactKey: Guid(b2c54144d5fbb4a14b95d5e2ec07dbf7) Importer(2089858483,0ecaa5967403d082aa24f35e1b516d23)
Start importing Assets/Textures/Wall_Textures/Diffuse_01.png using Guid(b2c54144d5fbb4a14b95d5e2ec07dbf7) Importer(2089858483,0ecaa5967403d082aa24f35e1b516d23) Generated GUIDs only implemented for interfaces!
 -> (artifact id: '1bc0a8c2eb022397f197c16c6ac2c865') in 0.059787 seconds
Number of updated asset objects reloaded before import = 0
Number of asset objects unloaded after import = 1
========================================================================
Received Import Request.
  Time since last request: 0.033681 seconds.
  path: Assets/UI/Clean Vector Icons/T_12_arrow_rounded_right_.png
  artifactKey: Guid(98a4af8159bbcd245af2cdf358f3d4ba) Importer(2089858483,0ecaa5967403d082aa24f35e1b516d23)
Start importing Assets/UI/Clean Vector Icons/T_12_arrow_rounded_right_.png using Guid(98a4af8159bbcd245af2cdf358f3d4ba) Importer(2089858483,0ecaa5967403d082aa24f35e1b516d23) Generated GUIDs only implemented for interfaces!
 -> (artifact id: 'ef17d802b906d145c45097493f5e0ae8') in 0.089394 seconds
Number of updated asset objects reloaded before import = 0
Number of asset objects unloaded after import = 3
========================================================================
Received Import Request.
  Time since last request: 0.023063 seconds.
  path: Assets/UI/Clean Vector Icons/T_4_=_.png
  artifactKey: Guid(815a0f2c406c8284a98a80dff69ff8d8) Importer(2089858483,0ecaa5967403d082aa24f35e1b516d23)
Start importing Assets/UI/Clean Vector Icons/T_4_=_.png using Guid(815a0f2c406c8284a98a80dff69ff8d8) Importer(2089858483,0ecaa5967403d082aa24f35e1b516d23) Generated GUIDs only implemented for interfaces!
 -> (artifact id: 'b39132dbbfe7c89a749cf42ed4fbe7dd') in 0.127738 seconds
Number of updated asset objects reloaded before import = 0
Number of asset objects unloaded after import = 3
========================================================================
Received Import Request.
  Time since last request: 0.001908 seconds.
  path: Assets/HorrorPuzzleItems/Battery/Textures/Battery.png
  artifactKey: Guid(ea40f52e35ebb0d42985f837ffc1496a) Importer(2089858483,0ecaa5967403d082aa24f35e1b516d23)
Start importing Assets/HorrorPuzzleItems/Battery/Textures/Battery.png using Guid(ea40f52e35ebb0d42985f837ffc1496a) Importer(2089858483,0ecaa5967403d082aa24f35e1b516d23) Generated GUIDs only implemented for interfaces!
 -> (artifact id: '5d162262763b7da46fb97c59caa6c2cf') in 0.078847 seconds
Number of updated asset objects reloaded before import = 0
Number of asset objects unloaded after import = 1
========================================================================
Received Import Request.
  Time since last request: 0.010448 seconds.
  path: Assets/HorrorPuzzleItems/Lighter/Prefabs/Lighter_Metal.prefab
  artifactKey: Guid(ced74f861cc67534e8a7d791f17c14a7) Importer(2089858483,0ecaa5967403d082aa24f35e1b516d23)
Start importing Assets/HorrorPuzzleItems/Lighter/Prefabs/Lighter_Metal.prefab using Guid(ced74f861cc67534e8a7d791f17c14a7) Importer(2089858483,0ecaa5967403d082aa24f35e1b516d23) Generated GUIDs only implemented for interfaces!
 -> (artifact id: 'a6d23ca36b9548cc2b4d64d2d31854cb') in 0.026189 seconds
Number of updated asset objects reloaded before import = 0
Number of asset objects unloaded after import = 9
========================================================================
Received Import Request.
  Time since last request: 0.001097 seconds.
  path: Assets/HorrorPuzzleItems/Floppy
  artifactKey: Guid(734feee627f67df4b865aad253d56213) Importer(2089858483,0ecaa5967403d082aa24f35e1b516d23)
Start importing Assets/HorrorPuzzleItems/Floppy using Guid(734feee627f67df4b865aad253d56213) Importer(2089858483,0ecaa5967403d082aa24f35e1b516d23) Generated GUIDs only implemented for interfaces!
 -> (artifact id: 'b455a710900e98316ba089dea3e649f8') in 0.022622 seconds
Number of updated asset objects reloaded before import = 0
Number of asset objects unloaded after import = 1
========================================================================
Received Import Request.
  Time since last request: 0.001077 seconds.
  path: Assets/HorrorPuzzleItems/Gem/Materials
  artifactKey: Guid(044d75151d13c5743ad3dc2f34155937) Importer(2089858483,0ecaa5967403d082aa24f35e1b516d23)
Start importing Assets/HorrorPuzzleItems/Gem/Materials using Guid(044d75151d13c5743ad3dc2f34155937) Importer(2089858483,0ecaa5967403d082aa24f35e1b516d23) Generated GUIDs only implemented for interfaces!
 -> (artifact id: 'ccbd6ba2c27fe824e10cc8e2d91581e5') in 0.051046 seconds
Number of updated asset objects reloaded before import = 0
Number of asset objects unloaded after import = 1
========================================================================
Received Import Request.
  Time since last request: 0.003614 seconds.
  path: Assets/HorrorPuzzleItems/Gem/Icons/Icon_Gem_Yellow.png
  artifactKey: Guid(d251e08a28bc78b41b72884e1def2e04) Importer(2089858483,0ecaa5967403d082aa24f35e1b516d23)
Start importing Assets/HorrorPuzzleItems/Gem/Icons/Icon_Gem_Yellow.png using Guid(d251e08a28bc78b41b72884e1def2e04) Importer(2089858483,0ecaa5967403d082aa24f35e1b516d23) Generated GUIDs only implemented for interfaces!
 -> (artifact id: '076a7f2e1deab51e810f141f571dc5ec') in 0.078460 seconds
Number of updated asset objects reloaded before import = 0
Number of asset objects unloaded after import = 3
========================================================================
Received Import Request.
  Time since last request: 0.000755 seconds.
  path: Assets/UI/Clean Vector Icons/T_9_eye_.png
  artifactKey: Guid(77f8fc7d6918e844a8954d665ca1a6b1) Importer(2089858483,0ecaa5967403d082aa24f35e1b516d23)
Start importing Assets/UI/Clean Vector Icons/T_9_eye_.png using Guid(77f8fc7d6918e844a8954d665ca1a6b1) Importer(2089858483,0ecaa5967403d082aa24f35e1b516d23) Generated GUIDs only implemented for interfaces!
 -> (artifact id: '3245fcdfb667e48e955b156009fd740f') in 0.080941 seconds
Number of updated asset objects reloaded before import = 0
Number of asset objects unloaded after import = 3
========================================================================
Received Import Request.
  Time since last request: 0.000692 seconds.
  path: Assets/UI/Clean Vector Icons/T_1_shield_.png
  artifactKey: Guid(1815ea71c4e799e45b0db8899c240c4a) Importer(2089858483,0ecaa5967403d082aa24f35e1b516d23)
Start importing Assets/UI/Clean Vector Icons/T_1_shield_.png using Guid(1815ea71c4e799e45b0db8899c240c4a) Importer(2089858483,0ecaa5967403d082aa24f35e1b516d23) Generated GUIDs only implemented for interfaces!
 -> (artifact id: '4d589f1213cda9508135ce9635ccbbe9') in 0.079135 seconds
Number of updated asset objects reloaded before import = 0
Number of asset objects unloaded after import = 3
========================================================================
Received Import Request.
  Time since last request: 0.001913 seconds.
  path: Assets/UI/Clean Vector Icons/T_2_lighthing_.png
  artifactKey: Guid(ed8ef41e0593c444f89985400bb18768) Importer(2089858483,0ecaa5967403d082aa24f35e1b516d23)
Start importing Assets/UI/Clean Vector Icons/T_2_lighthing_.png using Guid(ed8ef41e0593c444f89985400bb18768) Importer(2089858483,0ecaa5967403d082aa24f35e1b516d23) Generated GUIDs only implemented for interfaces!
 -> (artifact id: 'ec1148709ea30ca532ef2cb90556539f') in 0.070283 seconds
Number of updated asset objects reloaded before import = 0
Number of asset objects unloaded after import = 3
========================================================================
Received Import Request.
  Time since last request: 0.000036 seconds.
  path: Assets/UI/Clean Vector Icons/T_8_cloud_up_.png
  artifactKey: Guid(238db121647eec74dad1ce3e44168059) Importer(2089858483,0ecaa5967403d082aa24f35e1b516d23)
Start importing Assets/UI/Clean Vector Icons/T_8_cloud_up_.png using Guid(238db121647eec74dad1ce3e44168059) Importer(2089858483,0ecaa5967403d082aa24f35e1b516d23) Generated GUIDs only implemented for interfaces!
 -> (artifact id: '24104d78c18086ae2874f87f397fecd1') in 0.095875 seconds
Number of updated asset objects reloaded before import = 0
Number of asset objects unloaded after import = 3
========================================================================
Received Import Request.
  Time since last request: 0.001352 seconds.
  path: Assets/UI/Clean Vector Icons/T_1_scroll_.png
  artifactKey: Guid(1a7d8d92597c14148ba14377ca88b60d) Importer(2089858483,0ecaa5967403d082aa24f35e1b516d23)
Start importing Assets/UI/Clean Vector Icons/T_1_scroll_.png using Guid(1a7d8d92597c14148ba14377ca88b60d) Importer(2089858483,0ecaa5967403d082aa24f35e1b516d23) Generated GUIDs only implemented for interfaces!
 -> (artifact id: '7a1308b3643abb6ae0dee4a234513eed') in 0.073701 seconds
Number of updated asset objects reloaded before import = 0
Number of asset objects unloaded after import = 3
========================================================================
Received Import Request.
  Time since last request: 0.000026 seconds.
  path: Assets/HorrorPuzzleItems/Gem/Icons/Icon_Gem_Green.png
  artifactKey: Guid(3673614ef2e3f0342a298a084ac491e6) Importer(2089858483,0ecaa5967403d082aa24f35e1b516d23)
Start importing Assets/HorrorPuzzleItems/Gem/Icons/Icon_Gem_Green.png using Guid(3673614ef2e3f0342a298a084ac491e6) Importer(2089858483,0ecaa5967403d082aa24f35e1b516d23) Generated GUIDs only implemented for interfaces!
 -> (artifact id: '9b4b14066b772b52889b7232bd0871bd') in 0.093572 seconds
Number of updated asset objects reloaded before import = 0
Number of asset objects unloaded after import = 3
========================================================================
Received Import Request.
  Time since last request: 0.076542 seconds.
  path: Assets/UI/Clean Vector Icons/T_2_moon_empty_.png
  artifactKey: Guid(679b077591a3b44429e6d0cb3b000386) Importer(2089858483,0ecaa5967403d082aa24f35e1b516d23)
Start importing Assets/UI/Clean Vector Icons/T_2_moon_empty_.png using Guid(679b077591a3b44429e6d0cb3b000386) Importer(2089858483,0ecaa5967403d082aa24f35e1b516d23) Generated GUIDs only implemented for interfaces!
 -> (artifact id: 'a7a3ba641325de6d6fde7465ab411501') in 0.167847 seconds
Number of updated asset objects reloaded before import = 0
Number of asset objects unloaded after import = 3
========================================================================
Received Import Request.
  Time since last request: 0.051153 seconds.
  path: Assets/UI/Clean Vector Icons/T_10_!_.png
  artifactKey: Guid(3e382c1295a11054dacdc58d5933d206) Importer(2089858483,0ecaa5967403d082aa24f35e1b516d23)
Start importing Assets/UI/Clean Vector Icons/T_10_!_.png using Guid(3e382c1295a11054dacdc58d5933d206) Importer(2089858483,0ecaa5967403d082aa24f35e1b516d23) Generated GUIDs only implemented for interfaces!
 -> (artifact id: '5f7c4958007a5d899384a27ee2031f2e') in 0.072849 seconds
Number of updated asset objects reloaded before import = 0
Number of asset objects unloaded after import = 3
========================================================================
Received Import Request.
  Time since last request: 0.000415 seconds.
  path: Assets/UI/Clean Vector Icons/T_12_cursor_arrow_up_al_.png
  artifactKey: Guid(038a1aff6e6b8f04a8ca8e29722edf4f) Importer(2089858483,0ecaa5967403d082aa24f35e1b516d23)
Start importing Assets/UI/Clean Vector Icons/T_12_cursor_arrow_up_al_.png using Guid(038a1aff6e6b8f04a8ca8e29722edf4f) Importer(2089858483,0ecaa5967403d082aa24f35e1b516d23) Generated GUIDs only implemented for interfaces!
 -> (artifact id: 'db75fe7d6e9a87a6ae4ee84e8ccbb03f') in 0.156224 seconds
Number of updated asset objects reloaded before import = 0
Number of asset objects unloaded after import = 3
========================================================================
Received Import Request.
  Time since last request: 0.000037 seconds.
  path: Assets/UI/Clean Vector Icons/T_8_plant2_.png
  artifactKey: Guid(434b9ec91260129489414ae404c6e3fc) Importer(2089858483,0ecaa5967403d082aa24f35e1b516d23)
Start importing Assets/UI/Clean Vector Icons/T_8_plant2_.png using Guid(434b9ec91260129489414ae404c6e3fc) Importer(2089858483,0ecaa5967403d082aa24f35e1b516d23) Generated GUIDs only implemented for interfaces!
 -> (artifact id: 'c79a395c43f35ae9d3d668d7f6ef51cb') in 0.079176 seconds
Number of updated asset objects reloaded before import = 0
Number of asset objects unloaded after import = 3
========================================================================
Received Import Request.
  Time since last request: 0.012354 seconds.
  path: Assets/UI/Clean Vector Icons/T_7_arrow_left_.png
  artifactKey: Guid(974fd4633f76fe24b854d48b461656a1) Importer(2089858483,0ecaa5967403d082aa24f35e1b516d23)
Start importing Assets/UI/Clean Vector Icons/T_7_arrow_left_.png using Guid(974fd4633f76fe24b854d48b461656a1) Importer(2089858483,0ecaa5967403d082aa24f35e1b516d23) Generated GUIDs only implemented for interfaces!
 -> (artifact id: '44daee96f710eb9a7f76a40698d56317') in 0.127711 seconds
Number of updated asset objects reloaded before import = 0
Number of asset objects unloaded after import = 3
========================================================================
Received Import Request.
  Time since last request: 0.003109 seconds.
  path: Assets/UI/Clean Vector Icons/T_14_points_hor_.png
  artifactKey: Guid(c6ba52c3e8af5b341995cc343e85e4a0) Importer(2089858483,0ecaa5967403d082aa24f35e1b516d23)
Start importing Assets/UI/Clean Vector Icons/T_14_points_hor_.png using Guid(c6ba52c3e8af5b341995cc343e85e4a0) Importer(2089858483,0ecaa5967403d082aa24f35e1b516d23) Generated GUIDs only implemented for interfaces!
 -> (artifact id: 'b92d88b0abb6aa26fd8c73d71adfbeb7') in 0.100788 seconds
Number of updated asset objects reloaded before import = 0
Number of asset objects unloaded after import = 3
========================================================================
Received Import Request.
  Time since last request: 0.001748 seconds.
  path: Assets/Scenes/SampleScene
  artifactKey: Guid(623e5be45724f264abb8b939c149976c) Importer(2089858483,0ecaa5967403d082aa24f35e1b516d23)
Start importing Assets/Scenes/SampleScene using Guid(623e5be45724f264abb8b939c149976c) Importer(2089858483,0ecaa5967403d082aa24f35e1b516d23) Generated GUIDs only implemented for interfaces!
 -> (artifact id: '3b4807fe5afd3f5904209d9806e5380e') in 0.035774 seconds
Number of updated asset objects reloaded before import = 0
Number of asset objects unloaded after import = 1
========================================================================
Received Import Request.
  Time since last request: 0.000462 seconds.
  path: Assets/UI/Clean Vector Icons/T_14_wrench_.png
  artifactKey: Guid(93af7b787a2d66e468add73213a37970) Importer(2089858483,0ecaa5967403d082aa24f35e1b516d23)
Start importing Assets/UI/Clean Vector Icons/T_14_wrench_.png using Guid(93af7b787a2d66e468add73213a37970) Importer(2089858483,0ecaa5967403d082aa24f35e1b516d23) Generated GUIDs only implemented for interfaces!
 -> (artifact id: 'ebdd87671af8ce91c1918a5f08772ca4') in 0.082515 seconds
Number of updated asset objects reloaded before import = 0
Number of asset objects unloaded after import = 3
========================================================================
Received Import Request.
  Time since last request: 0.005328 seconds.
  path: Assets/UI/Clean Vector Icons/T_6_arrow_down_.png
  artifactKey: Guid(515e1722bb0b86e4bb28c0aaade52e65) Importer(2089858483,0ecaa5967403d082aa24f35e1b516d23)
Start importing Assets/UI/Clean Vector Icons/T_6_arrow_down_.png using Guid(515e1722bb0b86e4bb28c0aaade52e65) Importer(2089858483,0ecaa5967403d082aa24f35e1b516d23) Generated GUIDs only implemented for interfaces!
 -> (artifact id: '6035eebbcfc9070b520b9540b07ff292') in 0.120765 seconds
Number of updated asset objects reloaded before import = 0
Number of asset objects unloaded after import = 3
========================================================================
Received Import Request.
  Time since last request: 0.018683 seconds.
  path: Assets/UI/Clean Vector Icons/T_2_magnifier_+_.png
  artifactKey: Guid(22fb9c2bd4a40f34e8897156a2986091) Importer(2089858483,0ecaa5967403d082aa24f35e1b516d23)
Start importing Assets/UI/Clean Vector Icons/T_2_magnifier_+_.png using Guid(22fb9c2bd4a40f34e8897156a2986091) Importer(2089858483,0ecaa5967403d082aa24f35e1b516d23) Generated GUIDs only implemented for interfaces!
 -> (artifact id: '39b3710aa9125d66900d4b247a84f223') in 0.097045 seconds
Number of updated asset objects reloaded before import = 0
Number of asset objects unloaded after import = 3
========================================================================
Received Import Request.
  Time since last request: 0.000035 seconds.
  path: Assets/HorrorPuzzleItems/Gem/Materials/Gem_Green.mat
  artifactKey: Guid(93b30ab465e93914ea5663cc362daba6) Importer(2089858483,0ecaa5967403d082aa24f35e1b516d23)
Start importing Assets/HorrorPuzzleItems/Gem/Materials/Gem_Green.mat using Guid(93b30ab465e93914ea5663cc362daba6) Importer(2089858483,0ecaa5967403d082aa24f35e1b516d23) Generated GUIDs only implemented for interfaces!
 -> (artifact id: 'f6dcf0aa0e98de8d32d185117f90bc11') in 0.034438 seconds
Number of updated asset objects reloaded before import = 0
Number of asset objects unloaded after import = 2
========================================================================
Received Import Request.
  Time since last request: 0.001412 seconds.
  path: Assets/Textures/Drones_Textures/Robot_Scout_HyperX_Low_Body_Front_AlbedoTransparency_Red.png
  artifactKey: Guid(8adfbfaff683b3646aefc4ea35dbf8eb) Importer(2089858483,0ecaa5967403d082aa24f35e1b516d23)
Start importing Assets/Textures/Drones_Textures/Robot_Scout_HyperX_Low_Body_Front_AlbedoTransparency_Red.png using Guid(8adfbfaff683b3646aefc4ea35dbf8eb) Importer(2089858483,0ecaa5967403d082aa24f35e1b516d23) Generated GUIDs only implemented for interfaces!
 -> (artifact id: '9eccee4ec3e652d0dc8cfc124c5fd763') in 0.085882 seconds
Number of updated asset objects reloaded before import = 0
Number of asset objects unloaded after import = 1
========================================================================
Received Import Request.
  Time since last request: 0.005332 seconds.
  path: Assets/Animations/Protagonist/Exo Gray@Running.fbx
  artifactKey: Guid(a5776464dfa916c4cb9ddae2d962a590) Importer(2089858483,0ecaa5967403d082aa24f35e1b516d23)
Start importing Assets/Animations/Protagonist/Exo Gray@Running.fbx using Guid(a5776464dfa916c4cb9ddae2d962a590) Importer(2089858483,0ecaa5967403d082aa24f35e1b516d23) Generated GUIDs only implemented for interfaces!
 -> (artifact id: '01afb85c98b90f3c722fbd3d322496f1') in 0.135801 seconds
Number of updated asset objects reloaded before import = 0
Number of asset objects unloaded after import = 230
========================================================================
Received Import Request.
  Time since last request: 0.025329 seconds.
  path: Assets/scene-ref-attribute-main
  artifactKey: Guid(078dfaa10ad598a4e90a9cda240b8e9b) Importer(2089858483,0ecaa5967403d082aa24f35e1b516d23)
Start importing Assets/scene-ref-attribute-main using Guid(078dfaa10ad598a4e90a9cda240b8e9b) Importer(2089858483,0ecaa5967403d082aa24f35e1b516d23) Generated GUIDs only implemented for interfaces!
 -> (artifact id: '79f8469048671addf7bf69da0a513bf6') in 0.029167 seconds
Number of updated asset objects reloaded before import = 0
Number of asset objects unloaded after import = 1
========================================================================
Received Import Request.
  Time since last request: 0.003236 seconds.
  path: Assets/Animations/Enemy/FloatFWD.anim
  artifactKey: Guid(63970e5a35c65e04e880626f5c594e64) Importer(2089858483,0ecaa5967403d082aa24f35e1b516d23)
Start importing Assets/Animations/Enemy/FloatFWD.anim using Guid(63970e5a35c65e04e880626f5c594e64) Importer(2089858483,0ecaa5967403d082aa24f35e1b516d23) Generated GUIDs only implemented for interfaces!
 -> (artifact id: 'cc5df50e724576002b6ec1c6ee7421e8') in 0.044499 seconds
Number of updated asset objects reloaded before import = 0
Number of asset objects unloaded after import = 1
========================================================================
Received Import Request.
  Time since last request: 0.000321 seconds.
  path: Assets/Scripts/StateMachine/JumpState.cs
  artifactKey: Guid(ac6cc0bbbbcd9b448b149c4aabed029d) Importer(2089858483,0ecaa5967403d082aa24f35e1b516d23)
Start importing Assets/Scripts/StateMachine/JumpState.cs using Guid(ac6cc0bbbbcd9b448b149c4aabed029d) Importer(2089858483,0ecaa5967403d082aa24f35e1b516d23) Generated GUIDs only implemented for interfaces!
 -> (artifact id: 'ae163752699b6e33e94d5d0dfd5004c8') in 0.037603 seconds
Number of updated asset objects reloaded before import = 0
Number of asset objects unloaded after import = 1
========================================================================
Received Import Request.
  Time since last request: 0.011624 seconds.
  path: Assets/Scripts/StateMachine/StateMachine.cs
  artifactKey: Guid(0570320fd03f8494fbacf33b0885171e) Importer(2089858483,0ecaa5967403d082aa24f35e1b516d23)
Start importing Assets/Scripts/StateMachine/StateMachine.cs using Guid(0570320fd03f8494fbacf33b0885171e) Importer(2089858483,0ecaa5967403d082aa24f35e1b516d23) Generated GUIDs only implemented for interfaces!
 -> (artifact id: '31f03694f28d0f43b669b71c163b09a3') in 0.041594 seconds
Number of updated asset objects reloaded before import = 0
Number of asset objects unloaded after import = 1
========================================================================
Received Import Request.
  Time since last request: 0.016226 seconds.
  path: Assets/UI/Clean Vector Icons/T_19_medal_second_.png
  artifactKey: Guid(073de9e27afe2a644bb5e5d7ae711591) Importer(2089858483,0ecaa5967403d082aa24f35e1b516d23)
Start importing Assets/UI/Clean Vector Icons/T_19_medal_second_.png using Guid(073de9e27afe2a644bb5e5d7ae711591) Importer(2089858483,0ecaa5967403d082aa24f35e1b516d23) Generated GUIDs only implemented for interfaces!
 -> (artifact id: '1437dff37ac560dab51ebdbc79fca8ee') in 0.084935 seconds
Number of updated asset objects reloaded before import = 0
Number of asset objects unloaded after import = 3
========================================================================
Received Import Request.
  Time since last request: 0.000029 seconds.
  path: Assets/Prefabs/Gates/Gate_Small.prefab
  artifactKey: Guid(b581fdbd127292d44ab21c4b16d91d05) Importer(2089858483,3d70f49cd1c2eb9ae422958d1c652c6b)
Start importing Assets/Prefabs/Gates/Gate_Small.prefab using Guid(b581fdbd127292d44ab21c4b16d91d05) Importer(2089858483,3d70f49cd1c2eb9ae422958d1c652c6b) Generated GUIDs only implemented for interfaces!
 -> (artifact id: '28a9cc6606321d1e9fcbdee5868f8087') in 0.032113 seconds
Number of updated asset objects reloaded before import = 0
Number of asset objects unloaded after import = 15
========================================================================
Received Import Request.
  Time since last request: 0.104216 seconds.
  path: Assets/_Barking_Dog/Common Scripts
  artifactKey: Guid(6c1ac9c30f25eca4fa2a02780214f843) Importer(2089858483,0ecaa5967403d082aa24f35e1b516d23)
Start importing Assets/_Barking_Dog/Common Scripts using Guid(6c1ac9c30f25eca4fa2a02780214f843) Importer(2089858483,0ecaa5967403d082aa24f35e1b516d23) Generated GUIDs only implemented for interfaces!
 -> (artifact id: '771399b5a76da34f8ca028e09272b997') in 0.041519 seconds
Number of updated asset objects reloaded before import = 0
Number of asset objects unloaded after import = 1
========================================================================
Received Import Request.
  Time since last request: 0.019130 seconds.
  path: Assets/SciFi Warehouse Kit/Prefabs/Structures/Walls/Wall BayDoor.prefab
  artifactKey: Guid(d324de115c4dff845bee7b7f166883c4) Importer(2089858483,0ecaa5967403d082aa24f35e1b516d23)
Start importing Assets/SciFi Warehouse Kit/Prefabs/Structures/Walls/Wall BayDoor.prefab using Guid(d324de115c4dff845bee7b7f166883c4) Importer(2089858483,0ecaa5967403d082aa24f35e1b516d23) Generated GUIDs only implemented for interfaces!
 -> (artifact id: '8458874e56b8e665ca149c103f46dbd2') in 0.037032 seconds
Number of updated asset objects reloaded before import = 0
Number of asset objects unloaded after import = 22
========================================================================
Received Import Request.
  Time since last request: 0.002064 seconds.
  path: Assets/SciFi Warehouse Kit/Art/Meshes/Structures/Structure Props/Pipes 03.fbx
  artifactKey: Guid(93b8f057a6dc5444292ff9a248b10a51) Importer(2089858483,0ecaa5967403d082aa24f35e1b516d23)
Start importing Assets/SciFi Warehouse Kit/Art/Meshes/Structures/Structure Props/Pipes 03.fbx using Guid(93b8f057a6dc5444292ff9a248b10a51) Importer(2089858483,0ecaa5967403d082aa24f35e1b516d23) Generated GUIDs only implemented for interfaces!
 -> (artifact id: 'ce198f83beac397e27a6c74c67f926f6') in 0.051609 seconds
Number of updated asset objects reloaded before import = 0
Number of asset objects unloaded after import = 7
========================================================================
Received Import Request.
  Time since last request: 0.000039 seconds.
  path: Assets/SciFi Warehouse Kit/Prefabs/Structures/Catwalk/Catwalk Pillar 02.prefab
  artifactKey: Guid(a157851e6c66e1545ae48d5a470cdc64) Importer(2089858483,0ecaa5967403d082aa24f35e1b516d23)
Start importing Assets/SciFi Warehouse Kit/Prefabs/Structures/Catwalk/Catwalk Pillar 02.prefab using Guid(a157851e6c66e1545ae48d5a470cdc64) Importer(2089858483,0ecaa5967403d082aa24f35e1b516d23) Generated GUIDs only implemented for interfaces!
 -> (artifact id: '4285f3642560f217a81167b47755ae46') in 0.056490 seconds
Number of updated asset objects reloaded before import = 0
Number of asset objects unloaded after import = 8
========================================================================
Received Import Request.
  Time since last request: 0.001631 seconds.
  path: Assets/SciFi Warehouse Kit/Art/Textures/light_bulb_a.png
  artifactKey: Guid(07d028a3c7eb59a4096db36b25b60ab4) Importer(2089858483,0ecaa5967403d082aa24f35e1b516d23)
Start importing Assets/SciFi Warehouse Kit/Art/Textures/light_bulb_a.png using Guid(07d028a3c7eb59a4096db36b25b60ab4) Importer(2089858483,0ecaa5967403d082aa24f35e1b516d23) Generated GUIDs only implemented for interfaces!
 -> (artifact id: '62b663fa6c2b041a1954efc317a8359f') in 0.102235 seconds
Number of updated asset objects reloaded before import = 0
Number of asset objects unloaded after import = 1
========================================================================
Received Import Request.
  Time since last request: 0.000444 seconds.
  path: Assets/SciFi Warehouse Kit/Art/Meshes/Structures/Catwalk/CatWalk Stairs Wide.fbx
  artifactKey: Guid(f166f60cc0fa7d344b41aa4d7a0c6cd7) Importer(2089858483,0ecaa5967403d082aa24f35e1b516d23)
Start importing Assets/SciFi Warehouse Kit/Art/Meshes/Structures/Catwalk/CatWalk Stairs Wide.fbx using Guid(f166f60cc0fa7d344b41aa4d7a0c6cd7) Importer(2089858483,0ecaa5967403d082aa24f35e1b516d23) Generated GUIDs only implemented for interfaces!
 -> (artifact id: '9a1e7bba8b6793d7ba80187e8e04855e') in 0.066856 seconds
Number of updated asset objects reloaded before import = 0
Number of asset objects unloaded after import = 19
========================================================================
Received Import Request.
  Time since last request: 0.000534 seconds.
  path: Assets/SciFi Warehouse Kit/Art/Materials/Stairs Mat.mat
  artifactKey: Guid(8c4847c8d50a57747abfb7f8b3da7863) Importer(2089858483,0ecaa5967403d082aa24f35e1b516d23)
Start importing Assets/SciFi Warehouse Kit/Art/Materials/Stairs Mat.mat using Guid(8c4847c8d50a57747abfb7f8b3da7863) Importer(2089858483,0ecaa5967403d082aa24f35e1b516d23) Generated GUIDs only implemented for interfaces!
 -> (artifact id: 'f052bbe7b4b87032a97769da818ef1e8') in 0.068342 seconds
Number of updated asset objects reloaded before import = 0
Number of asset objects unloaded after import = 3
========================================================================
Received Import Request.
  Time since last request: 0.035859 seconds.
  path: Assets/SciFi Warehouse Kit/Art/Textures/extinguisher_r.png
  artifactKey: Guid(3aab480764a043c49bc432fa9a874b9b) Importer(2089858483,0ecaa5967403d082aa24f35e1b516d23)
Start importing Assets/SciFi Warehouse Kit/Art/Textures/extinguisher_r.png using Guid(3aab480764a043c49bc432fa9a874b9b) Importer(2089858483,0ecaa5967403d082aa24f35e1b516d23) Generated GUIDs only implemented for interfaces!
 -> (artifact id: '3481e2fdd616712b7fef1c67cf699ada') in 0.068475 seconds
Number of updated asset objects reloaded before import = 0
Number of asset objects unloaded after import = 1
========================================================================
Received Import Request.
  Time since last request: 0.016942 seconds.
  path: Assets/SciFi Warehouse Kit/Art/Materials/Fan Mat.mat
  artifactKey: Guid(f2506252823082947ac9c5bd934e0ba4) Importer(2089858483,0ecaa5967403d082aa24f35e1b516d23)
Start importing Assets/SciFi Warehouse Kit/Art/Materials/Fan Mat.mat using Guid(f2506252823082947ac9c5bd934e0ba4) Importer(2089858483,0ecaa5967403d082aa24f35e1b516d23) Generated GUIDs only implemented for interfaces!
 -> (artifact id: 'bda08d918b6eb3ded2e48c4156a3a2a9') in 0.061656 seconds
Number of updated asset objects reloaded before import = 0
Number of asset objects unloaded after import = 3
========================================================================
Received Import Request.
  Time since last request: 0.000968 seconds.
  path: Assets/SciFi Warehouse Kit/Prefabs/Structures/Corridors/Corridor Wide Corner.prefab
  artifactKey: Guid(01c384aacd76e1742a420e899cfbca6a) Importer(2089858483,0ecaa5967403d082aa24f35e1b516d23)
Start importing Assets/SciFi Warehouse Kit/Prefabs/Structures/Corridors/Corridor Wide Corner.prefab using Guid(01c384aacd76e1742a420e899cfbca6a) Importer(2089858483,0ecaa5967403d082aa24f35e1b516d23) Generated GUIDs only implemented for interfaces!
 -> (artifact id: '95806523fd0dab575a7451fa78409553') in 0.035393 seconds
Number of updated asset objects reloaded before import = 0
Number of asset objects unloaded after import = 37
========================================================================
Received Import Request.
  Time since last request: 0.000029 seconds.
  path: Assets/SciFi Warehouse Kit/Art/Meshes/Props/Misc Props/Security Cam.fbx
  artifactKey: Guid(b242581fc7fd82a45b00226894da6bfb) Importer(2089858483,0ecaa5967403d082aa24f35e1b516d23)
Start importing Assets/SciFi Warehouse Kit/Art/Meshes/Props/Misc Props/Security Cam.fbx using Guid(b242581fc7fd82a45b00226894da6bfb) Importer(2089858483,0ecaa5967403d082aa24f35e1b516d23) Generated GUIDs only implemented for interfaces!
 -> (artifact id: '5cc8c9c1ba3d99815356b7cc1434aa57') in 0.062541 seconds
Number of updated asset objects reloaded before import = 0
Number of asset objects unloaded after import = 7
========================================================================
Received Import Request.
  Time since last request: 0.000967 seconds.
  path: Assets/SciFi Warehouse Kit/Art/Meshes/Structures/Walls/Wall Door.fbx
  artifactKey: Guid(c9eb1c81668cbcd41bb3aba898e50112) Importer(2089858483,0ecaa5967403d082aa24f35e1b516d23)
Start importing Assets/SciFi Warehouse Kit/Art/Meshes/Structures/Walls/Wall Door.fbx using Guid(c9eb1c81668cbcd41bb3aba898e50112) Importer(2089858483,0ecaa5967403d082aa24f35e1b516d23) Generated GUIDs only implemented for interfaces!
 -> (artifact id: 'f52dce4b806c1f36e8e608b56614cbba') in 0.113900 seconds
Number of updated asset objects reloaded before import = 0
Number of asset objects unloaded after import = 14
========================================================================
Received Import Request.
  Time since last request: 0.001518 seconds.
  path: Assets/SciFi Warehouse Kit/Art/Textures/shelf_n.png
  artifactKey: Guid(a5d28b02fb2627442ab04901d5e442a0) Importer(2089858483,0ecaa5967403d082aa24f35e1b516d23)
Start importing Assets/SciFi Warehouse Kit/Art/Textures/shelf_n.png using Guid(a5d28b02fb2627442ab04901d5e442a0) Importer(2089858483,0ecaa5967403d082aa24f35e1b516d23) Generated GUIDs only implemented for interfaces!
 -> (artifact id: '02d96033744614bca82a90627a571ec8') in 0.050227 seconds
Number of updated asset objects reloaded before import = 0
Number of asset objects unloaded after import = 1
========================================================================
Received Import Request.
  Time since last request: 0.003471 seconds.
  path: Assets/SciFi Warehouse Kit/Prefabs/Props/Crates Barrels Pallets/Crate Short.prefab
  artifactKey: Guid(aedebdaeae12a6743b39120d2f5156b0) Importer(2089858483,0ecaa5967403d082aa24f35e1b516d23)
Start importing Assets/SciFi Warehouse Kit/Prefabs/Props/Crates Barrels Pallets/Crate Short.prefab using Guid(aedebdaeae12a6743b39120d2f5156b0) Importer(2089858483,0ecaa5967403d082aa24f35e1b516d23) Generated GUIDs only implemented for interfaces!
 -> (artifact id: '3a3b3026e0f3cd2ed317311ac744f245') in 0.064495 seconds
Number of updated asset objects reloaded before import = 0
Number of asset objects unloaded after import = 8
========================================================================
Received Import Request.
  Time since last request: 0.034185 seconds.
  path: Assets/SciFi Warehouse Kit/Art/Textures/pallet_r.png
  artifactKey: Guid(96c758caa62686f4f9f86cc53d87b465) Importer(2089858483,0ecaa5967403d082aa24f35e1b516d23)
Start importing Assets/SciFi Warehouse Kit/Art/Textures/pallet_r.png using Guid(96c758caa62686f4f9f86cc53d87b465) Importer(2089858483,0ecaa5967403d082aa24f35e1b516d23) Generated GUIDs only implemented for interfaces!
 -> (artifact id: 'bb826e33d94528b6d80f619bac636970') in 0.085015 seconds
Number of updated asset objects reloaded before import = 0
Number of asset objects unloaded after import = 1
========================================================================
Received Import Request.
  Time since last request: 0.002344 seconds.
  path: Assets/SciFi Warehouse Kit/Art/Meshes/Props/Ducts
  artifactKey: Guid(9bba017b35e1d524cb5dbf10f23df829) Importer(2089858483,0ecaa5967403d082aa24f35e1b516d23)
Start importing Assets/SciFi Warehouse Kit/Art/Meshes/Props/Ducts using Guid(9bba017b35e1d524cb5dbf10f23df829) Importer(2089858483,0ecaa5967403d082aa24f35e1b516d23) Generated GUIDs only implemented for interfaces!
 -> (artifact id: '0be8bd2299321706a5cc0a6bf6586d03') in 0.036600 seconds
Number of updated asset objects reloaded before import = 0
Number of asset objects unloaded after import = 1
========================================================================
Received Import Request.
  Time since last request: 0.000405 seconds.
  path: Assets/SciFi Warehouse Kit/Art/Meshes/Props/Crates Barrels Pallets/Crate Short.fbx
  artifactKey: Guid(ce65141939545d440ac8591812208a12) Importer(2089858483,0ecaa5967403d082aa24f35e1b516d23)
Start importing Assets/SciFi Warehouse Kit/Art/Meshes/Props/Crates Barrels Pallets/Crate Short.fbx using Guid(ce65141939545d440ac8591812208a12) Importer(2089858483,0ecaa5967403d082aa24f35e1b516d23) Generated GUIDs only implemented for interfaces!
 -> (artifact id: '02223bbc5a311a42cca186342e8c2af4') in 0.087012 seconds
Number of updated asset objects reloaded before import = 0
Number of asset objects unloaded after import = 7
========================================================================
Received Import Request.
  Time since last request: 0.000186 seconds.
  path: Assets/SciFi Warehouse Kit/Prefabs/Structures/Structure Props/Pipes 03.prefab
  artifactKey: Guid(007da77ee19ebc4459a5d9eb2fc1348a) Importer(2089858483,0ecaa5967403d082aa24f35e1b516d23)
Start importing Assets/SciFi Warehouse Kit/Prefabs/Structures/Structure Props/Pipes 03.prefab using Guid(007da77ee19ebc4459a5d9eb2fc1348a) Importer(2089858483,0ecaa5967403d082aa24f35e1b516d23) Generated GUIDs only implemented for interfaces!
 -> (artifact id: '84bee90c2d0598fb4ba80652c6b1f66e') in 0.043012 seconds
Number of updated asset objects reloaded before import = 0
Number of asset objects unloaded after import = 7
========================================================================
Received Import Request.
  Time since last request: 0.000510 seconds.
  path: Assets/SciFi Warehouse Kit/Art/Textures/structure_misc_s.png
  artifactKey: Guid(d3c6ad91f086afa458657799954de551) Importer(2089858483,0ecaa5967403d082aa24f35e1b516d23)
Start importing Assets/SciFi Warehouse Kit/Art/Textures/structure_misc_s.png using Guid(d3c6ad91f086afa458657799954de551) Importer(2089858483,0ecaa5967403d082aa24f35e1b516d23) Generated GUIDs only implemented for interfaces!
 -> (artifact id: '468ab2590c58611d53849dd6e27f0ce6') in 0.067238 seconds
Number of updated asset objects reloaded before import = 0
Number of asset objects unloaded after import = 1
========================================================================
Received Import Request.
  Time since last request: 0.017686 seconds.
  path: Assets/SciFi Warehouse Kit/Art/Textures/ducts_pillars_s.png
  artifactKey: Guid(caeadc57fb2ccb54b8537e9c5ea0d1bc) Importer(2089858483,0ecaa5967403d082aa24f35e1b516d23)
Start importing Assets/SciFi Warehouse Kit/Art/Textures/ducts_pillars_s.png using Guid(caeadc57fb2ccb54b8537e9c5ea0d1bc) Importer(2089858483,0ecaa5967403d082aa24f35e1b516d23) Generated GUIDs only implemented for interfaces!
 -> (artifact id: 'e960614c63b718e77d9b4e578026a451') in 0.066848 seconds
Number of updated asset objects reloaded before import = 0
Number of asset objects unloaded after import = 1
========================================================================
Received Import Request.
  Time since last request: 0.012580 seconds.
  path: Assets/SciFi Warehouse Kit/Art/Textures/Skybox/Right.png
  artifactKey: Guid(c14d76bd0519285429da8d1ca6420ffb) Importer(2089858483,0ecaa5967403d082aa24f35e1b516d23)
Start importing Assets/SciFi Warehouse Kit/Art/Textures/Skybox/Right.png using Guid(c14d76bd0519285429da8d1ca6420ffb) Importer(2089858483,0ecaa5967403d082aa24f35e1b516d23) Generated GUIDs only implemented for interfaces!
 -> (artifact id: 'fc953dacbe439e1b016b0a9db8668d51') in 0.055129 seconds
Number of updated asset objects reloaded before import = 0
Number of asset objects unloaded after import = 1
========================================================================
Received Import Request.
  Time since last request: 0.001140 seconds.
  path: Assets/SciFi Warehouse Kit/Art/Meshes/Structures/Corridors
  artifactKey: Guid(cfd013654cee1204c933ecf90841649f) Importer(2089858483,0ecaa5967403d082aa24f35e1b516d23)
Start importing Assets/SciFi Warehouse Kit/Art/Meshes/Structures/Corridors using Guid(cfd013654cee1204c933ecf90841649f) Importer(2089858483,0ecaa5967403d082aa24f35e1b516d23) Generated GUIDs only implemented for interfaces!
 -> (artifact id: '6ac20e38215eefb2c20fe50a265f71f2') in 0.029934 seconds
Number of updated asset objects reloaded before import = 0
Number of asset objects unloaded after import = 1
========================================================================
Received Import Request.
  Time since last request: 0.000963 seconds.
  path: Assets/SciFi Warehouse Kit/Prefabs/Props/Crates Barrels Pallets/Pallet Variations/Pallet Variation 01.prefab
  artifactKey: Guid(350af83ef7fbacf4c81d93aaca7de956) Importer(2089858483,0ecaa5967403d082aa24f35e1b516d23)
Start importing Assets/SciFi Warehouse Kit/Prefabs/Props/Crates Barrels Pallets/Pallet Variations/Pallet Variation 01.prefab using Guid(350af83ef7fbacf4c81d93aaca7de956) Importer(2089858483,0ecaa5967403d082aa24f35e1b516d23) Generated GUIDs only implemented for interfaces!
 -> (artifact id: 'abb9a65b2c99f2e418535f072312e0c0') in 0.032235 seconds
Number of updated asset objects reloaded before import = 0
Number of asset objects unloaded after import = 21
========================================================================
Received Import Request.
  Time since last request: 0.002511 seconds.
  path: Assets/SciFi Warehouse Kit/Art/Materials/Vent Trans Mat.mat
  artifactKey: Guid(a9460b9bd02e92549826c6b8a736db94) Importer(2089858483,0ecaa5967403d082aa24f35e1b516d23)
Start importing Assets/SciFi Warehouse Kit/Art/Materials/Vent Trans Mat.mat using Guid(a9460b9bd02e92549826c6b8a736db94) Importer(2089858483,0ecaa5967403d082aa24f35e1b516d23) Generated GUIDs only implemented for interfaces!
 -> (artifact id: '5fcfb49f8713747aae711861eba87d21') in 0.091931 seconds
Number of updated asset objects reloaded before import = 0
Number of asset objects unloaded after import = 3
========================================================================
Received Import Request.
  Time since last request: 0.047799 seconds.
  path: Assets/SciFi Warehouse Kit/Prefabs/Structures/Structure Props/Sprinkler 04.prefab
  artifactKey: Guid(d5ae87b7dbfdf5d4fb46ad152ff2a687) Importer(2089858483,0ecaa5967403d082aa24f35e1b516d23)
Start importing Assets/SciFi Warehouse Kit/Prefabs/Structures/Structure Props/Sprinkler 04.prefab using Guid(d5ae87b7dbfdf5d4fb46ad152ff2a687) Importer(2089858483,0ecaa5967403d082aa24f35e1b516d23) Generated GUIDs only implemented for interfaces!
 -> (artifact id: 'c0b307e9d265e0ce6947ed03819816a9') in 0.050430 seconds
Number of updated asset objects reloaded before import = 0
Number of asset objects unloaded after import = 7
========================================================================
Received Import Request.
  Time since last request: 0.086020 seconds.
  path: Assets/SciFi Warehouse Kit/Art/Materials/Walls.mat
  artifactKey: Guid(d893f707bc253a84aa1e7d87361c830a) Importer(2089858483,0ecaa5967403d082aa24f35e1b516d23)
Start importing Assets/SciFi Warehouse Kit/Art/Materials/Walls.mat using Guid(d893f707bc253a84aa1e7d87361c830a) Importer(2089858483,0ecaa5967403d082aa24f35e1b516d23) Generated GUIDs only implemented for interfaces!
 -> (artifact id: '2af70a6693a37b8ca50364371d59a867') in 0.036388 seconds
Number of updated asset objects reloaded before import = 0
Number of asset objects unloaded after import = 3
========================================================================
Received Import Request.
  Time since last request: 0.000032 seconds.
  path: Assets/SciFi Warehouse Kit/Art/Meshes/Structures/Corridors/Corridor Corner Lights.fbx
  artifactKey: Guid(4ce6b0c7f72eca64281331f29fa951bf) Importer(2089858483,0ecaa5967403d082aa24f35e1b516d23)
Start importing Assets/SciFi Warehouse Kit/Art/Meshes/Structures/Corridors/Corridor Corner Lights.fbx using Guid(4ce6b0c7f72eca64281331f29fa951bf) Importer(2089858483,0ecaa5967403d082aa24f35e1b516d23) Generated GUIDs only implemented for interfaces!
 -> (artifact id: '58bc79460735e007ef1ad20895c58206') in 0.085053 seconds
Number of updated asset objects reloaded before import = 0
Number of asset objects unloaded after import = 34
========================================================================
Received Import Request.
  Time since last request: 0.000316 seconds.
  path: Assets/SciFi Warehouse Kit/Art/Textures/wall_light_a.png
  artifactKey: Guid(5c1fd87ceca3aac4faa8f55e23b4e0ae) Importer(2089858483,0ecaa5967403d082aa24f35e1b516d23)
Start importing Assets/SciFi Warehouse Kit/Art/Textures/wall_light_a.png using Guid(5c1fd87ceca3aac4faa8f55e23b4e0ae) Importer(2089858483,0ecaa5967403d082aa24f35e1b516d23) Generated GUIDs only implemented for interfaces!
 -> (artifact id: 'd1c3eed575c183e0068dd4c7c284b459') in 0.044234 seconds
Number of updated asset objects reloaded before import = 0
Number of asset objects unloaded after import = 1
========================================================================
Received Import Request.
  Time since last request: 0.000028 seconds.
  path: Assets/SciFi Warehouse Kit/Prefabs/Structures
  artifactKey: Guid(c6443e01b898d8e49a5aa452c0788b23) Importer(2089858483,0ecaa5967403d082aa24f35e1b516d23)
Start importing Assets/SciFi Warehouse Kit/Prefabs/Structures using Guid(c6443e01b898d8e49a5aa452c0788b23) Importer(2089858483,0ecaa5967403d082aa24f35e1b516d23) Generated GUIDs only implemented for interfaces!
 -> (artifact id: 'eb8af5a2bcb0c9347139e34885b1d44d') in 0.020023 seconds
Number of updated asset objects reloaded before import = 0
Number of asset objects unloaded after import = 1
========================================================================
Received Import Request.
  Time since last request: 0.000094 seconds.
  path: Assets/SciFi Warehouse Kit/Art/Materials/Crate Short Mat.mat
  artifactKey: Guid(c133acdb4b757304cac42731a69f5d7a) Importer(2089858483,0ecaa5967403d082aa24f35e1b516d23)
Start importing Assets/SciFi Warehouse Kit/Art/Materials/Crate Short Mat.mat using Guid(c133acdb4b757304cac42731a69f5d7a) Importer(2089858483,0ecaa5967403d082aa24f35e1b516d23) Generated GUIDs only implemented for interfaces!
 -> (artifact id: '7c2812db96f90eb2c8e936a637f5fb80') in 0.035214 seconds
Number of updated asset objects reloaded before import = 0
Number of asset objects unloaded after import = 3
========================================================================
Received Import Request.
  Time since last request: 0.000065 seconds.
  path: Assets/SciFi Warehouse Kit/Art/Textures/cart_s.png
  artifactKey: Guid(db041cc12cae8df4e9eb1513da95a00e) Importer(2089858483,0ecaa5967403d082aa24f35e1b516d23)
Start importing Assets/SciFi Warehouse Kit/Art/Textures/cart_s.png using Guid(db041cc12cae8df4e9eb1513da95a00e) Importer(2089858483,0ecaa5967403d082aa24f35e1b516d23) Generated GUIDs only implemented for interfaces!
 -> (artifact id: 'd467aea347eb2f007dab5ac4b9abd86e') in 0.059240 seconds
Number of updated asset objects reloaded before import = 0
Number of asset objects unloaded after import = 1
========================================================================
Received Import Request.
  Time since last request: 0.000037 seconds.
  path: Assets/SciFi Warehouse Kit/Demo/Scripts/MouseComponent.cs
  artifactKey: Guid(2bd920a6d4c8a664f87d50801bfee470) Importer(2089858483,0ecaa5967403d082aa24f35e1b516d23)
Start importing Assets/SciFi Warehouse Kit/Demo/Scripts/MouseComponent.cs using Guid(2bd920a6d4c8a664f87d50801bfee470) Importer(2089858483,0ecaa5967403d082aa24f35e1b516d23) Generated GUIDs only implemented for interfaces!
 -> (artifact id: '2904c43475c6a476445f07a2367dfb9d') in 0.026680 seconds
Number of updated asset objects reloaded before import = 0
Number of asset objects unloaded after import = 1
========================================================================
Received Import Request.
  Time since last request: 0.000085 seconds.
  path: Assets/SciFi Warehouse Kit/Art/Materials/Floor Tile Mat.mat
  artifactKey: Guid(aa382976d563168409ce37158855f22a) Importer(2089858483,0ecaa5967403d082aa24f35e1b516d23)
Start importing Assets/SciFi Warehouse Kit/Art/Materials/Floor Tile Mat.mat using Guid(aa382976d563168409ce37158855f22a) Importer(2089858483,0ecaa5967403d082aa24f35e1b516d23) Generated GUIDs only implemented for interfaces!
 -> (artifact id: '6171dd46fd52406111ca49326f5ee1f2') in 0.032679 seconds
Number of updated asset objects reloaded before import = 0
Number of asset objects unloaded after import = 3
========================================================================
Received Import Request.
  Time since last request: 0.000030 seconds.
  path: Assets/SciFi Warehouse Kit/Art/Materials/Structure Props Mat.mat
  artifactKey: Guid(29be84a8421dddd4481c7c1a37d5dc90) Importer(2089858483,0ecaa5967403d082aa24f35e1b516d23)
Start importing Assets/SciFi Warehouse Kit/Art/Materials/Structure Props Mat.mat using Guid(29be84a8421dddd4481c7c1a37d5dc90) Importer(2089858483,0ecaa5967403d082aa24f35e1b516d23) Generated GUIDs only implemented for interfaces!
 -> (artifact id: '2739231db6c52bc722924bc27b82fe2e') in 0.037316 seconds
Number of updated asset objects reloaded before import = 0
Number of asset objects unloaded after import = 3
========================================================================
Received Import Request.
  Time since last request: 0.000034 seconds.
  path: Assets/SciFi Warehouse Kit/Demo/Audio/Music/upbeatfuture.wav
  artifactKey: Guid(2de937b859f59354db74282032b23fa9) Importer(2089858483,0ecaa5967403d082aa24f35e1b516d23)
Start importing Assets/SciFi Warehouse Kit/Demo/Audio/Music/upbeatfuture.wav using Guid(2de937b859f59354db74282032b23fa9) Importer(2089858483,0ecaa5967403d082aa24f35e1b516d23) Generated GUIDs only implemented for interfaces!
 -> (artifact id: '4347c03bf1b935a6d3dc35fde33bb237') in 0.129776 seconds
Number of updated asset objects reloaded before import = 0
Number of asset objects unloaded after import = 1
========================================================================
Received Import Request.
  Time since last request: 0.000030 seconds.
  path: Assets/SciFi Warehouse Kit/Art/Textures/ceiling_window_a.png
  artifactKey: Guid(123b65855d59bb945af2a546b44a7e27) Importer(2089858483,0ecaa5967403d082aa24f35e1b516d23)
Start importing Assets/SciFi Warehouse Kit/Art/Textures/ceiling_window_a.png using Guid(123b65855d59bb945af2a546b44a7e27) Importer(2089858483,0ecaa5967403d082aa24f35e1b516d23) Generated GUIDs only implemented for interfaces!
 -> (artifact id: '7043563b6b105874178dc7143a6a1056') in 0.041703 seconds
Number of updated asset objects reloaded before import = 0
Number of asset objects unloaded after import = 1
========================================================================
Received Import Request.
  Time since last request: 0.000034 seconds.
  path: Assets/SciFi Warehouse Kit/Prefabs/Props/Misc Props
  artifactKey: Guid(52fa2bd420e3dee4b90edcf40dd7264d) Importer(2089858483,0ecaa5967403d082aa24f35e1b516d23)
Start importing Assets/SciFi Warehouse Kit/Prefabs/Props/Misc Props using Guid(52fa2bd420e3dee4b90edcf40dd7264d) Importer(2089858483,0ecaa5967403d082aa24f35e1b516d23) Generated GUIDs only implemented for interfaces!
 -> (artifact id: '84878156cf9afc2d08acac4fe3301f27') in 0.015007 seconds
Number of updated asset objects reloaded before import = 0
Number of asset objects unloaded after import = 1
========================================================================
Received Import Request.
  Time since last request: 0.000032 seconds.
  path: Assets/SciFi Warehouse Kit/Art/Meshes/Structures/Catwalk/Catwalk Pillar 01.fbx
  artifactKey: Guid(98b51d8bcf7807946b1d35c43fa9423e) Importer(2089858483,0ecaa5967403d082aa24f35e1b516d23)
Start importing Assets/SciFi Warehouse Kit/Art/Meshes/Structures/Catwalk/Catwalk Pillar 01.fbx using Guid(98b51d8bcf7807946b1d35c43fa9423e) Importer(2089858483,0ecaa5967403d082aa24f35e1b516d23) Generated GUIDs only implemented for interfaces!
 -> (artifact id: '1c6df37995081106b596ab0ff510fd43') in 0.030547 seconds
Number of updated asset objects reloaded before import = 0
Number of asset objects unloaded after import = 7
========================================================================
Received Import Request.
  Time since last request: 0.000028 seconds.
  path: Assets/SciFi Warehouse Kit/Art/Textures/bay_door_s.png
  artifactKey: Guid(dbe3682e8a739064eabe5e94c25a9882) Importer(2089858483,0ecaa5967403d082aa24f35e1b516d23)
Start importing Assets/SciFi Warehouse Kit/Art/Textures/bay_door_s.png using Guid(dbe3682e8a739064eabe5e94c25a9882) Importer(2089858483,0ecaa5967403d082aa24f35e1b516d23) Generated GUIDs only implemented for interfaces!
 -> (artifact id: '40c0d5a968de01525cb4a9a26ecaaa88') in 0.033409 seconds
Number of updated asset objects reloaded before import = 0
Number of asset objects unloaded after import = 1
========================================================================
Received Import Request.
  Time since last request: 4862.665133 seconds.
  path: Assets/SciFi Warehouse Kit/Art/Materials/Shelf Mat.mat
  artifactKey: Guid(1abdbba98f8ab9e4c99e138c1480ceaa) Importer(2089858483,0ecaa5967403d082aa24f35e1b516d23)
Start importing Assets/SciFi Warehouse Kit/Art/Materials/Shelf Mat.mat using Guid(1abdbba98f8ab9e4c99e138c1480ceaa) Importer(2089858483,0ecaa5967403d082aa24f35e1b516d23) Generated GUIDs only implemented for interfaces!
 -> (artifact id: '5ab4dbb282bfc6ec83ec7d0d281e132d') in 0.062551 seconds
Number of updated asset objects reloaded before import = 0
Number of asset objects unloaded after import = 2
========================================================================
Received Import Request.
  Time since last request: 0.000053 seconds.
  path: Assets/SciFi Warehouse Kit/Art/Materials/Sign Red.mat
  artifactKey: Guid(104dfe4e9eaf15e42b9645fc2a6f54eb) Importer(2089858483,0ecaa5967403d082aa24f35e1b516d23)
Start importing Assets/SciFi Warehouse Kit/Art/Materials/Sign Red.mat using Guid(104dfe4e9eaf15e42b9645fc2a6f54eb) Importer(2089858483,0ecaa5967403d082aa24f35e1b516d23) Generated GUIDs only implemented for interfaces!
 -> (artifact id: '46fb1d25fc9395a9e21b82d731149ebd') in 0.020152 seconds
Number of updated asset objects reloaded before import = 0
Number of asset objects unloaded after import = 2
========================================================================
Received Import Request.
  Time since last request: 0.000029 seconds.
  path: Assets/SciFi Warehouse Kit/Art/Materials/Bay Door Mat.mat
  artifactKey: Guid(539deafe5793ec347a4a6f6754e3393c) Importer(2089858483,0ecaa5967403d082aa24f35e1b516d23)
Start importing Assets/SciFi Warehouse Kit/Art/Materials/Bay Door Mat.mat using Guid(539deafe5793ec347a4a6f6754e3393c) Importer(2089858483,0ecaa5967403d082aa24f35e1b516d23) Generated GUIDs only implemented for interfaces!
 -> (artifact id: '1dad7301305dd69c9af9aa1f310ed1fe') in 0.039717 seconds
Number of updated asset objects reloaded before import = 0
Number of asset objects unloaded after import = 2
========================================================================
Received Import Request.
  Time since last request: 0.000034 seconds.
  path: Assets/SciFi Warehouse Kit/Art/Materials/Pallet Mat.mat
  artifactKey: Guid(e2f46f807b3b19a4491e113702211cde) Importer(2089858483,0ecaa5967403d082aa24f35e1b516d23)
Start importing Assets/SciFi Warehouse Kit/Art/Materials/Pallet Mat.mat using Guid(e2f46f807b3b19a4491e113702211cde) Importer(2089858483,0ecaa5967403d082aa24f35e1b516d23) Generated GUIDs only implemented for interfaces!
 -> (artifact id: 'aeedd8f906654d7057d1d30c98089677') in 0.024148 seconds
Number of updated asset objects reloaded before import = 0
Number of asset objects unloaded after import = 2
========================================================================
Received Import Request.
  Time since last request: 0.000023 seconds.
  path: Assets/SciFi Warehouse Kit/Art/Materials/Security Cam Mat.mat
  artifactKey: Guid(73af2581c8439614db43aad4500fa480) Importer(2089858483,0ecaa5967403d082aa24f35e1b516d23)
Start importing Assets/SciFi Warehouse Kit/Art/Materials/Security Cam Mat.mat using Guid(73af2581c8439614db43aad4500fa480) Importer(2089858483,0ecaa5967403d082aa24f35e1b516d23) Generated GUIDs only implemented for interfaces!
 -> (artifact id: 'abfd9a05d648ec4f0eda82487fd646cc') in 0.024222 seconds
Number of updated asset objects reloaded before import = 0
Number of asset objects unloaded after import = 2
========================================================================
Received Import Request.
  Time since last request: 0.000022 seconds.
  path: Assets/SciFi Warehouse Kit/Art/Materials/Crate Short Mat.mat
  artifactKey: Guid(c133acdb4b757304cac42731a69f5d7a) Importer(2089858483,0ecaa5967403d082aa24f35e1b516d23)
Start importing Assets/SciFi Warehouse Kit/Art/Materials/Crate Short Mat.mat using Guid(c133acdb4b757304cac42731a69f5d7a) Importer(2089858483,0ecaa5967403d082aa24f35e1b516d23) Generated GUIDs only implemented for interfaces!
 -> (artifact id: '6256cc926329e93cd8d1b7194548b236') in 0.023498 seconds
Number of updated asset objects reloaded before import = 0
Number of asset objects unloaded after import = 2
========================================================================
Received Import Request.
  Time since last request: 0.000031 seconds.
  path: Assets/SciFi Warehouse Kit/Art/Materials/Shelf Trans Mat.mat
  artifactKey: Guid(b95048f5a5f84304d96d6f5e61414ed2) Importer(2089858483,0ecaa5967403d082aa24f35e1b516d23)
Start importing Assets/SciFi Warehouse Kit/Art/Materials/Shelf Trans Mat.mat using Guid(b95048f5a5f84304d96d6f5e61414ed2) Importer(2089858483,0ecaa5967403d082aa24f35e1b516d23) Generated GUIDs only implemented for interfaces!
 -> (artifact id: 'c16002357c26c3e68d034c9ace0205f4') in 0.020370 seconds
Number of updated asset objects reloaded before import = 0
Number of asset objects unloaded after import = 2
========================================================================
Received Import Request.
  Time since last request: 0.000027 seconds.
  path: Assets/SciFi Warehouse Kit/Art/Materials/Windows.mat
  artifactKey: Guid(eb79ec0657b7d6c48942befc5d7b2c37) Importer(2089858483,0ecaa5967403d082aa24f35e1b516d23)
Start importing Assets/SciFi Warehouse Kit/Art/Materials/Windows.mat using Guid(eb79ec0657b7d6c48942befc5d7b2c37) Importer(2089858483,0ecaa5967403d082aa24f35e1b516d23) Generated GUIDs only implemented for interfaces!
 -> (artifact id: 'd8a2097762315277ae47e71871cb49c6') in 0.021371 seconds
Number of updated asset objects reloaded before import = 0
Number of asset objects unloaded after import = 2
========================================================================
Received Import Request.
  Time since last request: 0.000035 seconds.
  path: Assets/SciFi Warehouse Kit/Art/Materials/barrel_s.mat
  artifactKey: Guid(61618e2271b3bdb47b5b4c628d9b092c) Importer(2089858483,0ecaa5967403d082aa24f35e1b516d23)
Start importing Assets/SciFi Warehouse Kit/Art/Materials/barrel_s.mat using Guid(61618e2271b3bdb47b5b4c628d9b092c) Importer(2089858483,0ecaa5967403d082aa24f35e1b516d23) Generated GUIDs only implemented for interfaces!
 -> (artifact id: 'd1cfb1cba3527f8b161e7d60fe1bc4a2') in 0.017096 seconds
Number of updated asset objects reloaded before import = 0
Number of asset objects unloaded after import = 1
========================================================================
Received Import Request.
  Time since last request: 0.000026 seconds.
  path: Assets/SciFi Warehouse Kit/Art/Materials/Crate Long Mat.mat
  artifactKey: Guid(56398f210688660468158fcbde7b8bfd) Importer(2089858483,0ecaa5967403d082aa24f35e1b516d23)
Start importing Assets/SciFi Warehouse Kit/Art/Materials/Crate Long Mat.mat using Guid(56398f210688660468158fcbde7b8bfd) Importer(2089858483,0ecaa5967403d082aa24f35e1b516d23) Generated GUIDs only implemented for interfaces!
 -> (artifact id: '387a5e2bf45384ab596ac70fd02a0279') in 0.017844 seconds
Number of updated asset objects reloaded before import = 0
Number of asset objects unloaded after import = 2
========================================================================
Received Import Request.
  Time since last request: 0.000037 seconds.
  path: Assets/SciFi Warehouse Kit/Art/Materials/Light Fixture Mat.mat
  artifactKey: Guid(bb2d88d2112f74d4b8dfef23a4b5d31d) Importer(2089858483,0ecaa5967403d082aa24f35e1b516d23)
Start importing Assets/SciFi Warehouse Kit/Art/Materials/Light Fixture Mat.mat using Guid(bb2d88d2112f74d4b8dfef23a4b5d31d) Importer(2089858483,0ecaa5967403d082aa24f35e1b516d23) Generated GUIDs only implemented for interfaces!
 -> (artifact id: '3f46c9c28267c81040e1def0bf8437db') in 0.019512 seconds
Number of updated asset objects reloaded before import = 0
Number of asset objects unloaded after import = 2
========================================================================
Received Import Request.
  Time since last request: 0.000027 seconds.
  path: Assets/SciFi Warehouse Kit/Art/Materials/Walls.mat
  artifactKey: Guid(d893f707bc253a84aa1e7d87361c830a) Importer(2089858483,0ecaa5967403d082aa24f35e1b516d23)
Start importing Assets/SciFi Warehouse Kit/Art/Materials/Walls.mat using Guid(d893f707bc253a84aa1e7d87361c830a) Importer(2089858483,0ecaa5967403d082aa24f35e1b516d23) Generated GUIDs only implemented for interfaces!
 -> (artifact id: 'd2d38f0cfabe8bd6b537748a80c5a03e') in 0.019985 seconds
Number of updated asset objects reloaded before import = 0
Number of asset objects unloaded after import = 2
========================================================================
Received Import Request.
  Time since last request: 0.000022 seconds.
  path: Assets/SciFi Warehouse Kit/Art/Materials/Garbage Bin Mat.mat
  artifactKey: Guid(2bada83e0fc35ed4ebab359f1ef10417) Importer(2089858483,0ecaa5967403d082aa24f35e1b516d23)
Start importing Assets/SciFi Warehouse Kit/Art/Materials/Garbage Bin Mat.mat using Guid(2bada83e0fc35ed4ebab359f1ef10417) Importer(2089858483,0ecaa5967403d082aa24f35e1b516d23) Generated GUIDs only implemented for interfaces!
 -> (artifact id: 'dbd2b3a8b7a12bae012a34f237b25741') in 0.021284 seconds
Number of updated asset objects reloaded before import = 0
Number of asset objects unloaded after import = 2
========================================================================
Received Import Request.
  Time since last request: 0.000021 seconds.
  path: Assets/SciFi Warehouse Kit/Art/Materials/Structure Props Mat.mat
  artifactKey: Guid(29be84a8421dddd4481c7c1a37d5dc90) Importer(2089858483,0ecaa5967403d082aa24f35e1b516d23)
Start importing Assets/SciFi Warehouse Kit/Art/Materials/Structure Props Mat.mat using Guid(29be84a8421dddd4481c7c1a37d5dc90) Importer(2089858483,0ecaa5967403d082aa24f35e1b516d23) Generated GUIDs only implemented for interfaces!
 -> (artifact id: 'cc275fd6c0c6de146f9534738379a0ce') in 0.020330 seconds
Number of updated asset objects reloaded before import = 0
Number of asset objects unloaded after import = 2
========================================================================
Received Import Request.
  Time since last request: 0.000017 seconds.
  path: Assets/SciFi Warehouse Kit/Art/Materials/Stairs Mat.mat
  artifactKey: Guid(8c4847c8d50a57747abfb7f8b3da7863) Importer(2089858483,0ecaa5967403d082aa24f35e1b516d23)
Start importing Assets/SciFi Warehouse Kit/Art/Materials/Stairs Mat.mat using Guid(8c4847c8d50a57747abfb7f8b3da7863) Importer(2089858483,0ecaa5967403d082aa24f35e1b516d23) Generated GUIDs only implemented for interfaces!
 -> (artifact id: '1e4994a8d3d83af710c6a8373af25070') in 0.021949 seconds
Number of updated asset objects reloaded before import = 0
Number of asset objects unloaded after import = 2
Editor requested this worker to shutdown with reason: Scaling down because of idle timeout
TcpMessagingSession - receive error: operation aborted. errorcode: 995, details: The I/O operation has been aborted because of either a thread exit or an application request.
AssetImportWorker is now disconnected from the server
Process exiting
Exiting without the bug reporter. Application will terminate with return code 0