Using pre-set license
Built from '2022.3/staging' branch; Version is '2022.3.4f1 (35713cd46cd7) revision 3502396'; Using compiler version '192829333'; Build Type 'Release'
OS: 'Windows 10  (10.0.19045) 64bit Core' Language: 'en' Physical Memory: 15775 MB
BatchMode: 1, IsHumanControllingUs: 0, StartBugReporterOnCrash: 0, Is64bit: 1, IsPro: 1

COMMAND LINE ARGUMENTS:
C:\Program Files\Unity\Hub\Editor\2022.3.4f1\Editor\Unity.exe
-adb2
-batchMode
-noUpm
-name
AssetImportWorker13
-projectPath
C:/Users/ianal/OneDrive/Documents/GitHub/extract-Hacker-
-logFile
Logs/AssetImportWorker13.log
-srvPort
50616
Successfully changed project path to: C:/Users/ianal/OneDrive/Documents/GitHub/extract-Hacker-
C:/Users/ianal/OneDrive/Documents/GitHub/extract-Hacker-
[UnityMemory] Configuration Parameters - Can be set up in boot.config
    "memorysetup-bucket-allocator-granularity=16"
    "memorysetup-bucket-allocator-bucket-count=8"
    "memorysetup-bucket-allocator-block-size=33554432"
    "memorysetup-bucket-allocator-block-count=8"
    "memorysetup-main-allocator-block-size=16777216"
    "memorysetup-thread-allocator-block-size=16777216"
    "memorysetup-gfx-main-allocator-block-size=16777216"
    "memorysetup-gfx-thread-allocator-block-size=16777216"
    "memorysetup-cache-allocator-block-size=4194304"
    "memorysetup-typetree-allocator-block-size=2097152"
    "memorysetup-profiler-bucket-allocator-granularity=16"
    "memorysetup-profiler-bucket-allocator-bucket-count=8"
    "memorysetup-profiler-bucket-allocator-block-size=33554432"
    "memorysetup-profiler-bucket-allocator-block-count=8"
    "memorysetup-profiler-allocator-block-size=16777216"
    "memorysetup-profiler-editor-allocator-block-size=1048576"
    "memorysetup-temp-allocator-size-main=16777216"
    "memorysetup-job-temp-allocator-block-size=2097152"
    "memorysetup-job-temp-allocator-block-size-background=1048576"
    "memorysetup-job-temp-allocator-reduction-small-platforms=262144"
    "memorysetup-allocator-temp-initial-block-size-main=262144"
    "memorysetup-allocator-temp-initial-block-size-worker=262144"
    "memorysetup-temp-allocator-size-background-worker=32768"
    "memorysetup-temp-allocator-size-job-worker=262144"
    "memorysetup-temp-allocator-size-preload-manager=33554432"
    "memorysetup-temp-allocator-size-nav-mesh-worker=65536"
    "memorysetup-temp-allocator-size-audio-worker=65536"
    "memorysetup-temp-allocator-size-cloud-worker=32768"
    "memorysetup-temp-allocator-size-gi-baking-worker=262144"
    "memorysetup-temp-allocator-size-gfx=262144"
Player connection [11912] Host "[IP] 192.168.56.1 [Port] 0 [Flags] 2 [Guid] 702997197 [EditorId] 702997197 [Version] 1048832 [Id] WindowsEditor(7,LAPTOP-H19LLI3S) [Debug] 1 [PackageName] WindowsEditor [ProjectName] Editor" joined multi-casting on [225.0.0.222:54997]...

Player connection [11912] Host "[IP] 192.168.56.1 [Port] 0 [Flags] 2 [Guid] 702997197 [EditorId] 702997197 [Version] 1048832 [Id] WindowsEditor(7,LAPTOP-H19LLI3S) [Debug] 1 [PackageName] WindowsEditor [ProjectName] Editor" joined alternative multi-casting on [225.0.0.222:34997]...

Refreshing native plugins compatible for Editor in 46.97 ms, found 3 plugins.
Preloading 0 native plugins for Editor in 0.00 ms.
Initialize engine version: 2022.3.4f1 (35713cd46cd7)
[Subsystems] Discovering subsystems at path C:/Program Files/Unity/Hub/Editor/2022.3.4f1/Editor/Data/Resources/UnitySubsystems
[Subsystems] Discovering subsystems at path C:/Users/ianal/OneDrive/Documents/GitHub/extract-Hacker-/Assets
GfxDevice: creating device client; threaded=0; jobified=0
Direct3D:
    Version:  Direct3D 11.0 [level 11.1]
    Renderer: NVIDIA GeForce RTX 3060 Laptop GPU (ID=0x2520)
    Vendor:   NVIDIA
    VRAM:     6010 MB
    Driver:   31.0.15.4680
Initialize mono
Mono path[0] = 'C:/Program Files/Unity/Hub/Editor/2022.3.4f1/Editor/Data/Managed'
Mono path[1] = 'C:/Program Files/Unity/Hub/Editor/2022.3.4f1/Editor/Data/MonoBleedingEdge/lib/mono/unityjit-win32'
Mono config path = 'C:/Program Files/Unity/Hub/Editor/2022.3.4f1/Editor/Data/MonoBleedingEdge/etc'
Using monoOptions --debugger-agent=transport=dt_socket,embedding=1,server=y,suspend=n,address=127.0.0.1:56940
Begin MonoManager ReloadAssembly
Registering precompiled unity dll's ...
Register platform support module: C:/Program Files/Unity/Hub/Editor/2022.3.4f1/Editor/Data/PlaybackEngines/WindowsStandaloneSupport/UnityEditor.WindowsStandalone.Extensions.dll
Registered in 0.030372 seconds.
- Loaded All Assemblies, in  0.678 seconds
Native extension for WindowsStandalone target not found
Mono: successfully reloaded assembly
- Finished resetting the current domain, in  0.540 seconds
Domain Reload Profiling: 1211ms
	BeginReloadAssembly (180ms)
		ExecutionOrderSort (0ms)
		DisableScriptedObjects (0ms)
		BackupInstance (0ms)
		ReleaseScriptingObjects (0ms)
		CreateAndSetChildDomain (1ms)
	RebuildCommonClasses (71ms)
	RebuildNativeTypeToScriptingClass (19ms)
	initialDomainReloadingComplete (141ms)
	LoadAllAssembliesAndSetupDomain (260ms)
		LoadAssemblies (173ms)
		RebuildTransferFunctionScriptingTraits (0ms)
		AnalyzeDomain (241ms)
			TypeCache.Refresh (239ms)
				TypeCache.ScanAssembly (217ms)
			ScanForSourceGeneratedMonoScriptInfo (1ms)
			ResolveRequiredComponents (1ms)
	FinalizeReload (541ms)
		ReleaseScriptCaches (0ms)
		RebuildScriptCaches (0ms)
		SetupLoadedEditorAssemblies (407ms)
			LogAssemblyErrors (0ms)
			InitializePlatformSupportModulesInManaged (26ms)
			SetLoadedEditorAssemblies (19ms)
			RefreshPlugins (0ms)
			BeforeProcessingInitializeOnLoad (4ms)
			ProcessInitializeOnLoadAttributes (268ms)
			ProcessInitializeOnLoadMethodAttributes (89ms)
			AfterProcessingInitializeOnLoad (0ms)
			EditorAssembliesLoaded (0ms)
		ExecutionOrderSort2 (0ms)
		AwakeInstancesAfterBackupRestoration (0ms)
========================================================================
Worker process is ready to serve import requests
Begin MonoManager ReloadAssembly
Symbol file LoadedFromMemory doesn't match image C:\Users\ianal\OneDrive\Documents\GitHub\extract-Hacker-\Library\PackageCache\com.unity.visualscripting@1.8.0\Editor\VisualScripting.Core\Dependencies\YamlDotNet\Unity.VisualScripting.YamlDotNet.dll
Symbol file LoadedFromMemory doesn't match image C:\Users\ianal\OneDrive\Documents\GitHub\extract-Hacker-\Library\PackageCache\com.unity.visualscripting@1.8.0\Editor\VisualScripting.Core\Dependencies\DotNetZip\Unity.VisualScripting.IonicZip.dll
- Loaded All Assemblies, in  1.725 seconds
Refreshing native plugins compatible for Editor in 14.63 ms, found 3 plugins.
Native extension for WindowsStandalone target not found
Mono: successfully reloaded assembly
- Finished resetting the current domain, in  1.511 seconds
Domain Reload Profiling: 3222ms
	BeginReloadAssembly (265ms)
		ExecutionOrderSort (0ms)
		DisableScriptedObjects (10ms)
		BackupInstance (0ms)
		ReleaseScriptingObjects (0ms)
		CreateAndSetChildDomain (44ms)
	RebuildCommonClasses (75ms)
	RebuildNativeTypeToScriptingClass (21ms)
	initialDomainReloadingComplete (99ms)
	LoadAllAssembliesAndSetupDomain (1252ms)
		LoadAssemblies (784ms)
		RebuildTransferFunctionScriptingTraits (0ms)
		AnalyzeDomain (580ms)
			TypeCache.Refresh (518ms)
				TypeCache.ScanAssembly (489ms)
			ScanForSourceGeneratedMonoScriptInfo (43ms)
			ResolveRequiredComponents (18ms)
	FinalizeReload (1511ms)
		ReleaseScriptCaches (0ms)
		RebuildScriptCaches (0ms)
		SetupLoadedEditorAssemblies (1170ms)
			LogAssemblyErrors (0ms)
			InitializePlatformSupportModulesInManaged (15ms)
			SetLoadedEditorAssemblies (24ms)
			RefreshPlugins (0ms)
			BeforeProcessingInitializeOnLoad (213ms)
			ProcessInitializeOnLoadAttributes (745ms)
			ProcessInitializeOnLoadMethodAttributes (131ms)
			AfterProcessingInitializeOnLoad (42ms)
			EditorAssembliesLoaded (0ms)
		ExecutionOrderSort2 (0ms)
		AwakeInstancesAfterBackupRestoration (11ms)
Launched and connected shader compiler UnityShaderCompiler.exe after 0.15 seconds
Refreshing native plugins compatible for Editor in 19.97 ms, found 3 plugins.
Preloading 0 native plugins for Editor in 0.00 ms.
Unloading 5172 Unused Serialized files (Serialized files now loaded: 0)
Unloading 77 unused Assets / (1.6 MB). Loaded Objects now: 5628.
Memory consumption went from 221.6 MB to 220.0 MB.
Total: 23.742500 ms (FindLiveObjects: 0.973800 ms CreateObjectMapping: 0.482500 ms MarkObjects: 21.039500 ms  DeleteObjects: 1.244600 ms)

AssetImportParameters requested are different than current active one (requested -> active):
  custom:container-demuxer-ogg: 62fdf1f143b41e24485cea50d1cbac27 -> 
  custom:video-codec-MediaFoundation-h265: 746d11721c4dcdbdad8f713fa42b33f4 -> 
  custom:video-decoder-ogg-theora: a1e56fd34408186e4bbccfd4996cb3dc -> 
  custom:framework-win-MediaFoundation: 216162199b28c13a410421893ffa2e32 -> 
  custom:CustomObjectIndexerAttribute: d54d2f2da18e7612c182cf67624b6b12 -> 
  custom:container-demuxer-webm: 4f35f7cbe854078d1ac9338744f61a02 -> 
  custom:container-muxer-webm: aa71ff27fc2769a1b78a27578f13a17b -> 
  custom:video-decoder-webm-vp8: 9c59270c3fd7afecdb556c50c9e8de78 -> 
  custom:AudioImporter_EditorPlatform: d09bf68614088b80899f8185d706f6e7 -> 
  custom:video-encoder-webm-vp8: eb34c28f22e8b96e1ab97ce403110664 -> 
  custom:audio-decoder-ogg-vorbis: bf7c407c2cedff20999df2af8eb42d56 -> 
  custom:audio-encoder-webm-vorbis: bf7c407c2cedff20999df2af8eb42d56 -> 
========================================================================
Received Import Request.
  Time since last request: 1034.207480 seconds.
  path: Assets/HorrorPuzzleItems/Lighter/Icons/Icon_Lighter_Brass.png
  artifactKey: Guid(ac92fc50086d6a245b003da545b01ae7) Importer(2089858483,0ecaa5967403d082aa24f35e1b516d23)
Start importing Assets/HorrorPuzzleItems/Lighter/Icons/Icon_Lighter_Brass.png using Guid(ac92fc50086d6a245b003da545b01ae7) Importer(2089858483,0ecaa5967403d082aa24f35e1b516d23) Generated GUIDs only implemented for interfaces!
 -> (artifact id: 'cb29b0f267a0a48aabbb2f632ea3c5e8') in 0.560438 seconds
Number of updated asset objects reloaded before import = 0
Number of asset objects unloaded after import = 3
========================================================================
Received Import Request.
  Time since last request: 0.013476 seconds.
  path: Assets/UI/Clean Vector Icons/T_2_letter_open_.png
  artifactKey: Guid(80ccf6426cf5d81439e0d2d0d5e3a670) Importer(2089858483,0ecaa5967403d082aa24f35e1b516d23)
Start importing Assets/UI/Clean Vector Icons/T_2_letter_open_.png using Guid(80ccf6426cf5d81439e0d2d0d5e3a670) Importer(2089858483,0ecaa5967403d082aa24f35e1b516d23) Generated GUIDs only implemented for interfaces!
 -> (artifact id: 'd227fe0208cc6231d5da31bc01c88d45') in 0.085008 seconds
Number of updated asset objects reloaded before import = 0
Number of asset objects unloaded after import = 3
========================================================================
Received Import Request.
  Time since last request: 0.013919 seconds.
  path: Assets/UI/Clean Vector Icons/T_11_pickaxe_.png
  artifactKey: Guid(0138ff996cf7410479c3dfffa5472ee1) Importer(2089858483,0ecaa5967403d082aa24f35e1b516d23)
Start importing Assets/UI/Clean Vector Icons/T_11_pickaxe_.png using Guid(0138ff996cf7410479c3dfffa5472ee1) Importer(2089858483,0ecaa5967403d082aa24f35e1b516d23) Generated GUIDs only implemented for interfaces!
 -> (artifact id: '85c614005b71485569cff3d2164eb19c') in 0.073248 seconds
Number of updated asset objects reloaded before import = 0
Number of asset objects unloaded after import = 3
========================================================================
Received Import Request.
  Time since last request: 0.000245 seconds.
  path: Assets/UI/Clean Vector Icons/T_28_bread_.png
  artifactKey: Guid(b915a7ee8a2712a43a9ed2e24541c454) Importer(2089858483,0ecaa5967403d082aa24f35e1b516d23)
Start importing Assets/UI/Clean Vector Icons/T_28_bread_.png using Guid(b915a7ee8a2712a43a9ed2e24541c454) Importer(2089858483,0ecaa5967403d082aa24f35e1b516d23) Generated GUIDs only implemented for interfaces!
 -> (artifact id: '8789ed96b9a8a7326b568acf5a18fe33') in 0.154944 seconds
Number of updated asset objects reloaded before import = 0
Number of asset objects unloaded after import = 3
========================================================================
Received Import Request.
  Time since last request: 0.015556 seconds.
  path: Assets/SciFi Warehouse Kit/Prefabs/Props/Shelves/Shelf Variation 02.prefab
  artifactKey: Guid(5c1b535d3782bee49819656f221e56de) Importer(2089858483,3d70f49cd1c2eb9ae422958d1c652c6b)
Start importing Assets/SciFi Warehouse Kit/Prefabs/Props/Shelves/Shelf Variation 02.prefab using Guid(5c1b535d3782bee49819656f221e56de) Importer(2089858483,3d70f49cd1c2eb9ae422958d1c652c6b) Generated GUIDs only implemented for interfaces!
 -> (artifact id: 'bcf4844d2271309756989927da302056') in 0.150973 seconds
Number of updated asset objects reloaded before import = 0
Number of asset objects unloaded after import = 272
========================================================================
Received Import Request.
  Time since last request: 0.000785 seconds.
  path: Assets/UI/Clean Vector Icons/T_2_head_gladiator_.png
  artifactKey: Guid(e128b01dab70e7a498a78577123c2db0) Importer(2089858483,0ecaa5967403d082aa24f35e1b516d23)
Start importing Assets/UI/Clean Vector Icons/T_2_head_gladiator_.png using Guid(e128b01dab70e7a498a78577123c2db0) Importer(2089858483,0ecaa5967403d082aa24f35e1b516d23) Generated GUIDs only implemented for interfaces!
 -> (artifact id: '6278dff25e3f8d0e77c006a2d33ef65f') in 0.098381 seconds
Number of updated asset objects reloaded before import = 0
Number of asset objects unloaded after import = 3
========================================================================
Received Import Request.
  Time since last request: 0.000818 seconds.
  path: Assets/UI/Clean Vector Icons/T_2_bottle_half_.png
  artifactKey: Guid(f816f63babfcb3e4d92c5cd9bb193149) Importer(2089858483,0ecaa5967403d082aa24f35e1b516d23)
Start importing Assets/UI/Clean Vector Icons/T_2_bottle_half_.png using Guid(f816f63babfcb3e4d92c5cd9bb193149) Importer(2089858483,0ecaa5967403d082aa24f35e1b516d23) Generated GUIDs only implemented for interfaces!
 -> (artifact id: 'db21befad63dff6b763b5d7441ddc8d5') in 0.112254 seconds
Number of updated asset objects reloaded before import = 0
Number of asset objects unloaded after import = 3
========================================================================
Received Import Request.
  Time since last request: 0.014677 seconds.
  path: Assets/UI/Clean Vector Icons/Update/Bonus_PokerFace.png
  artifactKey: Guid(037da781f89f23f4b8f3702a4b2d4ce0) Importer(2089858483,0ecaa5967403d082aa24f35e1b516d23)
Start importing Assets/UI/Clean Vector Icons/Update/Bonus_PokerFace.png using Guid(037da781f89f23f4b8f3702a4b2d4ce0) Importer(2089858483,0ecaa5967403d082aa24f35e1b516d23) Generated GUIDs only implemented for interfaces!
 -> (artifact id: 'c7b07343618cf14c584742ab08785a2b') in 0.071040 seconds
Number of updated asset objects reloaded before import = 0
Number of asset objects unloaded after import = 3
========================================================================
Received Import Request.
  Time since last request: 0.000700 seconds.
  path: Assets/UI/Clean Vector Icons/T_4_coin_bag1_.png
  artifactKey: Guid(73b277da837c0874893f6123d5842ca0) Importer(2089858483,0ecaa5967403d082aa24f35e1b516d23)
Start importing Assets/UI/Clean Vector Icons/T_4_coin_bag1_.png using Guid(73b277da837c0874893f6123d5842ca0) Importer(2089858483,0ecaa5967403d082aa24f35e1b516d23) Generated GUIDs only implemented for interfaces!
 -> (artifact id: '62a302f20c31ce6eed1d305111337501') in 0.093084 seconds
Number of updated asset objects reloaded before import = 0
Number of asset objects unloaded after import = 3
========================================================================
Received Import Request.
  Time since last request: 0.000515 seconds.
  path: Assets/UI/Clean Vector Icons/T_7_book_.png
  artifactKey: Guid(d0ec2e65dadd70346b81af93bb4eb352) Importer(2089858483,0ecaa5967403d082aa24f35e1b516d23)
Start importing Assets/UI/Clean Vector Icons/T_7_book_.png using Guid(d0ec2e65dadd70346b81af93bb4eb352) Importer(2089858483,0ecaa5967403d082aa24f35e1b516d23) Generated GUIDs only implemented for interfaces!
 -> (artifact id: 'b6e4ebaa7152dcee6e5c958617e0f23c') in 0.059441 seconds
Number of updated asset objects reloaded before import = 0
Number of asset objects unloaded after import = 3
========================================================================
Received Import Request.
  Time since last request: 0.011234 seconds.
  path: Assets/UI/Clean Vector Icons/T_2_scroll_open_.png
  artifactKey: Guid(772f522a9c782904e9d220a7f8690c6c) Importer(2089858483,0ecaa5967403d082aa24f35e1b516d23)
Start importing Assets/UI/Clean Vector Icons/T_2_scroll_open_.png using Guid(772f522a9c782904e9d220a7f8690c6c) Importer(2089858483,0ecaa5967403d082aa24f35e1b516d23) Generated GUIDs only implemented for interfaces!
 -> (artifact id: '8ea18c0e8248598970e7b1c908cd1335') in 0.067267 seconds
Number of updated asset objects reloaded before import = 0
Number of asset objects unloaded after import = 3
========================================================================
Received Import Request.
  Time since last request: 0.000755 seconds.
  path: Assets/Scenes/SampleScene/NavMesh.asset
  artifactKey: Guid(8938a16258df21e49ab9481c81c41258) Importer(2089858483,0ecaa5967403d082aa24f35e1b516d23)
Start importing Assets/Scenes/SampleScene/NavMesh.asset using Guid(8938a16258df21e49ab9481c81c41258) Importer(2089858483,0ecaa5967403d082aa24f35e1b516d23) Generated GUIDs only implemented for interfaces!
 -> (artifact id: 'c54aad43da2f7ffd99693b35ff0e410f') in 0.076830 seconds
Number of updated asset objects reloaded before import = 0
Number of asset objects unloaded after import = 1
========================================================================
Received Import Request.
  Time since last request: 0.007584 seconds.
  path: Assets/UI/Clean Vector Icons/T_6_mace_.png
  artifactKey: Guid(b9d3d7dbf5c4f114fbe9d15c62c0f9cc) Importer(2089858483,0ecaa5967403d082aa24f35e1b516d23)
Start importing Assets/UI/Clean Vector Icons/T_6_mace_.png using Guid(b9d3d7dbf5c4f114fbe9d15c62c0f9cc) Importer(2089858483,0ecaa5967403d082aa24f35e1b516d23) Generated GUIDs only implemented for interfaces!
 -> (artifact id: '8c3ef8b9d9207e213b16e3925f3a0012') in 0.073921 seconds
Number of updated asset objects reloaded before import = 0
Number of asset objects unloaded after import = 3
========================================================================
Received Import Request.
  Time since last request: 0.002690 seconds.
  path: Assets/UI/Clean Vector Icons/T_3_-_.png
  artifactKey: Guid(aa0220e340287314eaf32953b38d2f77) Importer(2089858483,0ecaa5967403d082aa24f35e1b516d23)
Start importing Assets/UI/Clean Vector Icons/T_3_-_.png using Guid(aa0220e340287314eaf32953b38d2f77) Importer(2089858483,0ecaa5967403d082aa24f35e1b516d23) Generated GUIDs only implemented for interfaces!
 -> (artifact id: '41a2efa96dce22f741918ad5a8bdc78b') in 0.083405 seconds
Number of updated asset objects reloaded before import = 0
Number of asset objects unloaded after import = 3
========================================================================
Received Import Request.
  Time since last request: 0.002106 seconds.
  path: Assets/UI/Clean Vector Icons/Update/Bonus_Confused.png
  artifactKey: Guid(fb11e14e93b45fe4ca06723dea9dcdb8) Importer(2089858483,0ecaa5967403d082aa24f35e1b516d23)
Start importing Assets/UI/Clean Vector Icons/Update/Bonus_Confused.png using Guid(fb11e14e93b45fe4ca06723dea9dcdb8) Importer(2089858483,0ecaa5967403d082aa24f35e1b516d23) Generated GUIDs only implemented for interfaces!
 -> (artifact id: '0e57ef7ad417f432ac61765605c7e9fe') in 0.072728 seconds
Number of updated asset objects reloaded before import = 0
Number of asset objects unloaded after import = 3
========================================================================
Received Import Request.
  Time since last request: 0.000269 seconds.
  path: Assets/UI/Clean Vector Icons/T_3_sword_cut_.png
  artifactKey: Guid(d605befd4bec61449b7a5c492aaf2361) Importer(2089858483,0ecaa5967403d082aa24f35e1b516d23)
Start importing Assets/UI/Clean Vector Icons/T_3_sword_cut_.png using Guid(d605befd4bec61449b7a5c492aaf2361) Importer(2089858483,0ecaa5967403d082aa24f35e1b516d23) Generated GUIDs only implemented for interfaces!
 -> (artifact id: '3782b5f92c78a6903c74854e54f4cce9') in 0.098840 seconds
Number of updated asset objects reloaded before import = 0
Number of asset objects unloaded after import = 3
========================================================================
Received Import Request.
  Time since last request: 0.000237 seconds.
  path: Assets/Scripts/StateMachine/LocomotionState.cs
  artifactKey: Guid(b2c8be612ee96fc45a85e80091fb7788) Importer(2089858483,0ecaa5967403d082aa24f35e1b516d23)
Start importing Assets/Scripts/StateMachine/LocomotionState.cs using Guid(b2c8be612ee96fc45a85e80091fb7788) Importer(2089858483,0ecaa5967403d082aa24f35e1b516d23) Generated GUIDs only implemented for interfaces!
 -> (artifact id: 'd34373e5b8031faad10bf27d0cae807f') in 0.039964 seconds
Number of updated asset objects reloaded before import = 0
Number of asset objects unloaded after import = 1
========================================================================
Received Import Request.
  Time since last request: 0.005277 seconds.
  path: Assets/Scripts/EnemyStates/EnemyChaseState.cs
  artifactKey: Guid(261c858f96020bc4f9eff1e31144adc8) Importer(2089858483,0ecaa5967403d082aa24f35e1b516d23)
Start importing Assets/Scripts/EnemyStates/EnemyChaseState.cs using Guid(261c858f96020bc4f9eff1e31144adc8) Importer(2089858483,0ecaa5967403d082aa24f35e1b516d23) Generated GUIDs only implemented for interfaces!
 -> (artifact id: '1b1aa63f3470548f1de15867997b8db4') in 0.054068 seconds
Number of updated asset objects reloaded before import = 0
Number of asset objects unloaded after import = 1
========================================================================
Received Import Request.
  Time since last request: 0.000925 seconds.
  path: Assets/scene-ref-attribute-main/SceneRefFilter.cs
  artifactKey: Guid(b1220063dc7344b79c82b91fe6d994c0) Importer(2089858483,0ecaa5967403d082aa24f35e1b516d23)
Start importing Assets/scene-ref-attribute-main/SceneRefFilter.cs using Guid(b1220063dc7344b79c82b91fe6d994c0) Importer(2089858483,0ecaa5967403d082aa24f35e1b516d23) Generated GUIDs only implemented for interfaces!
 -> (artifact id: '8cc6ec50a5b066ddcd0628b78368675e') in 0.035953 seconds
Number of updated asset objects reloaded before import = 0
Number of asset objects unloaded after import = 1
========================================================================
Received Import Request.
  Time since last request: 0.006385 seconds.
  path: Assets/scene-ref-attribute-main/ValidatedMonoBehaviour.cs
  artifactKey: Guid(49f27fd8bfcb1054d9c27d96b0198286) Importer(2089858483,0ecaa5967403d082aa24f35e1b516d23)
Start importing Assets/scene-ref-attribute-main/ValidatedMonoBehaviour.cs using Guid(49f27fd8bfcb1054d9c27d96b0198286) Importer(2089858483,0ecaa5967403d082aa24f35e1b516d23) Generated GUIDs only implemented for interfaces!
 -> (artifact id: 'aab38e83d4b8a83ae2a4b2fe617ded79') in 0.055154 seconds
Number of updated asset objects reloaded before import = 0
Number of asset objects unloaded after import = 1
========================================================================
Received Import Request.
  Time since last request: 0.000334 seconds.
  path: Assets/Animations/Protagonist
  artifactKey: Guid(309a62c9e2f5f5341bbd0ad42287554f) Importer(2089858483,0ecaa5967403d082aa24f35e1b516d23)
Start importing Assets/Animations/Protagonist using Guid(309a62c9e2f5f5341bbd0ad42287554f) Importer(2089858483,0ecaa5967403d082aa24f35e1b516d23) Generated GUIDs only implemented for interfaces!
 -> (artifact id: '9d992c0f72835bb6dd37256f24a1be8b') in 0.025638 seconds
Number of updated asset objects reloaded before import = 0
Number of asset objects unloaded after import = 1
========================================================================
Received Import Request.
  Time since last request: 0.003142 seconds.
  path: Assets/scene-ref-attribute-main/SceneRefValidatorOnSave.cs
  artifactKey: Guid(1570ddaa3e00006469eae94b15f8e6e6) Importer(2089858483,0ecaa5967403d082aa24f35e1b516d23)
Start importing Assets/scene-ref-attribute-main/SceneRefValidatorOnSave.cs using Guid(1570ddaa3e00006469eae94b15f8e6e6) Importer(2089858483,0ecaa5967403d082aa24f35e1b516d23) Generated GUIDs only implemented for interfaces!
 -> (artifact id: '5163c16e087058b1b30d5e2fcb476b3f') in 0.033243 seconds
Number of updated asset objects reloaded before import = 0
Number of asset objects unloaded after import = 1
========================================================================
Received Import Request.
  Time since last request: 0.011288 seconds.
  path: Assets/Animations
  artifactKey: Guid(3c0b043f2a4b1074c9db5d1c121de897) Importer(2089858483,0ecaa5967403d082aa24f35e1b516d23)
Start importing Assets/Animations using Guid(3c0b043f2a4b1074c9db5d1c121de897) Importer(2089858483,0ecaa5967403d082aa24f35e1b516d23) Generated GUIDs only implemented for interfaces!
 -> (artifact id: 'c994ea56f677d7d5e5b365c8f2b7722f') in 0.027383 seconds
Number of updated asset objects reloaded before import = 0
Number of asset objects unloaded after import = 1
========================================================================
Received Import Request.
  Time since last request: 0.016803 seconds.
  path: Assets/Scripts/StateMachine/BaseState.cs
  artifactKey: Guid(a0e3497e9a9aae74a88363eec8fb4fae) Importer(2089858483,0ecaa5967403d082aa24f35e1b516d23)
Start importing Assets/Scripts/StateMachine/BaseState.cs using Guid(a0e3497e9a9aae74a88363eec8fb4fae) Importer(2089858483,0ecaa5967403d082aa24f35e1b516d23) Generated GUIDs only implemented for interfaces!
 -> (artifact id: '8ea2f751eea55ad70bb7c050e6d79981') in 0.052766 seconds
Number of updated asset objects reloaded before import = 0
Number of asset objects unloaded after import = 1
========================================================================
Received Import Request.
  Time since last request: 0.003656 seconds.
  path: Assets/SciFi Warehouse Kit/Prefabs/Structures/Pillars and Beams/Ceiling Support.prefab
  artifactKey: Guid(56553c59a52bf504aaac866c7f4030cd) Importer(2089858483,3d70f49cd1c2eb9ae422958d1c652c6b)
Start importing Assets/SciFi Warehouse Kit/Prefabs/Structures/Pillars and Beams/Ceiling Support.prefab using Guid(56553c59a52bf504aaac866c7f4030cd) Importer(2089858483,3d70f49cd1c2eb9ae422958d1c652c6b) Generated GUIDs only implemented for interfaces!
 -> (artifact id: 'df1911866e7dda60e56035e1f39770d2') in 0.029112 seconds
Number of updated asset objects reloaded before import = 0
Number of asset objects unloaded after import = 9
========================================================================
Received Import Request.
  Time since last request: 0.000025 seconds.
  path: Assets/UI/Clean Vector Icons/T_8_arrow_right_.png
  artifactKey: Guid(90bd95b9cd8e8f44ebb15453b5fa16cb) Importer(2089858483,0ecaa5967403d082aa24f35e1b516d23)
Start importing Assets/UI/Clean Vector Icons/T_8_arrow_right_.png using Guid(90bd95b9cd8e8f44ebb15453b5fa16cb) Importer(2089858483,0ecaa5967403d082aa24f35e1b516d23) Generated GUIDs only implemented for interfaces!
 -> (artifact id: '05e60d153def23332e9d5c1df6c23fb2') in 0.055371 seconds
Number of updated asset objects reloaded before import = 0
Number of asset objects unloaded after import = 3
========================================================================
Received Import Request.
  Time since last request: 0.019175 seconds.
  path: Assets/Sci_fi_Drones/Models
  artifactKey: Guid(3d3dbe0775b6bde4894cf5383e5c2200) Importer(2089858483,0ecaa5967403d082aa24f35e1b516d23)
Start importing Assets/Sci_fi_Drones/Models using Guid(3d3dbe0775b6bde4894cf5383e5c2200) Importer(2089858483,0ecaa5967403d082aa24f35e1b516d23) Generated GUIDs only implemented for interfaces!
 -> (artifact id: 'df22f5b14b663187cbb5196b8a261d74') in 0.023166 seconds
Number of updated asset objects reloaded before import = 0
Number of asset objects unloaded after import = 1
========================================================================
Received Import Request.
  Time since last request: 0.036910 seconds.
  path: Assets/TutorialInfo
  artifactKey: Guid(1961810a639686b4fbc23c9a5fc30e50) Importer(2089858483,0ecaa5967403d082aa24f35e1b516d23)
Start importing Assets/TutorialInfo using Guid(1961810a639686b4fbc23c9a5fc30e50) Importer(2089858483,0ecaa5967403d082aa24f35e1b516d23) Generated GUIDs only implemented for interfaces!
 -> (artifact id: '725fc08447a89210f095778a9efd7096') in 0.023306 seconds
Number of updated asset objects reloaded before import = 0
Number of asset objects unloaded after import = 1
========================================================================
Received Import Request.
  Time since last request: 0.000056 seconds.
  path: Assets/SciFi Warehouse Kit/Prefabs/Structures/Catwalk/Catwalk Pillar 01.prefab
  artifactKey: Guid(725564bae3f68e847ad41c0da4390174) Importer(2089858483,0ecaa5967403d082aa24f35e1b516d23)
Start importing Assets/SciFi Warehouse Kit/Prefabs/Structures/Catwalk/Catwalk Pillar 01.prefab using Guid(725564bae3f68e847ad41c0da4390174) Importer(2089858483,0ecaa5967403d082aa24f35e1b516d23) Generated GUIDs only implemented for interfaces!
 -> (artifact id: '4feec019f863d313fd9f6b07910f665f') in 0.042593 seconds
Number of updated asset objects reloaded before import = 0
Number of asset objects unloaded after import = 8
========================================================================
Received Import Request.
  Time since last request: 0.016993 seconds.
  path: Assets/SciFi Warehouse Kit/Art/Materials/Structure Trans Mat.mat
  artifactKey: Guid(8daecc76e81cf114c9854e9ee5a2526a) Importer(2089858483,0ecaa5967403d082aa24f35e1b516d23)
Start importing Assets/SciFi Warehouse Kit/Art/Materials/Structure Trans Mat.mat using Guid(8daecc76e81cf114c9854e9ee5a2526a) Importer(2089858483,0ecaa5967403d082aa24f35e1b516d23) Generated GUIDs only implemented for interfaces!
 -> (artifact id: '81052acc2c41d5a4f4b34d74e8e8ad7e') in 0.216941 seconds
Number of updated asset objects reloaded before import = 0
Number of asset objects unloaded after import = 3
========================================================================
Received Import Request.
  Time since last request: 0.000032 seconds.
  path: Assets/Sci_fi_Drones
  artifactKey: Guid(9461af38e2a5cac4f9ac6894ef1f8807) Importer(2089858483,0ecaa5967403d082aa24f35e1b516d23)
Start importing Assets/Sci_fi_Drones using Guid(9461af38e2a5cac4f9ac6894ef1f8807) Importer(2089858483,0ecaa5967403d082aa24f35e1b516d23) Generated GUIDs only implemented for interfaces!
 -> (artifact id: '4b8d55c34df06af0a0072927b4698c14') in 0.039319 seconds
Number of updated asset objects reloaded before import = 0
Number of asset objects unloaded after import = 1
========================================================================
Received Import Request.
  Time since last request: 0.000247 seconds.
  path: Assets/SciFi Warehouse Kit/Prefabs/Structures/Floor/Floor Tile 04.prefab
  artifactKey: Guid(f9e1a0158e9f7a545a16fa7c2aa7be4e) Importer(2089858483,0ecaa5967403d082aa24f35e1b516d23)
Start importing Assets/SciFi Warehouse Kit/Prefabs/Structures/Floor/Floor Tile 04.prefab using Guid(f9e1a0158e9f7a545a16fa7c2aa7be4e) Importer(2089858483,0ecaa5967403d082aa24f35e1b516d23) Generated GUIDs only implemented for interfaces!
 -> (artifact id: 'c21d39095fc0482f7e77aad8f29d2e38') in 0.028835 seconds
Number of updated asset objects reloaded before import = 0
Number of asset objects unloaded after import = 8
========================================================================
Received Import Request.
  Time since last request: 0.000717 seconds.
  path: Assets/SciFi Warehouse Kit/Art/Meshes/Props/Misc Props/Cart.fbx
  artifactKey: Guid(3200b0bd31ff3634b9425e04a691be13) Importer(2089858483,0ecaa5967403d082aa24f35e1b516d23)
Start importing Assets/SciFi Warehouse Kit/Art/Meshes/Props/Misc Props/Cart.fbx using Guid(3200b0bd31ff3634b9425e04a691be13) Importer(2089858483,0ecaa5967403d082aa24f35e1b516d23) Generated GUIDs only implemented for interfaces!
 -> (artifact id: 'f21b8f0fee48c52c4715aa0e0f3eeee2') in 0.103150 seconds
Number of updated asset objects reloaded before import = 0
Number of asset objects unloaded after import = 7
========================================================================
Received Import Request.
  Time since last request: 0.000248 seconds.
  path: Assets/SciFi Warehouse Kit/Demo/Audio/SFX/enginestart.wav
  artifactKey: Guid(ec5ec348a6635df45b23a70c45d3ae7a) Importer(2089858483,0ecaa5967403d082aa24f35e1b516d23)
Start importing Assets/SciFi Warehouse Kit/Demo/Audio/SFX/enginestart.wav using Guid(ec5ec348a6635df45b23a70c45d3ae7a) Importer(2089858483,0ecaa5967403d082aa24f35e1b516d23) Generated GUIDs only implemented for interfaces!
 -> (artifact id: '9d5bd9fb6a0d23a0d48c64712c469864') in 0.165856 seconds
Number of updated asset objects reloaded before import = 0
Number of asset objects unloaded after import = 1
========================================================================
Received Import Request.
  Time since last request: 0.002402 seconds.
  path: Assets/SciFi Warehouse Kit/Art/Meshes/Structures/Structure Props/Sprinkler 05.fbx
  artifactKey: Guid(f537f7f255aee0346a45786b7b5b6c91) Importer(2089858483,0ecaa5967403d082aa24f35e1b516d23)
Start importing Assets/SciFi Warehouse Kit/Art/Meshes/Structures/Structure Props/Sprinkler 05.fbx using Guid(f537f7f255aee0346a45786b7b5b6c91) Importer(2089858483,0ecaa5967403d082aa24f35e1b516d23) Generated GUIDs only implemented for interfaces!
 -> (artifact id: 'da3f9fddd60155fa28457368d006fe78') in 0.061936 seconds
Number of updated asset objects reloaded before import = 0
Number of asset objects unloaded after import = 7
========================================================================
Received Import Request.
  Time since last request: 0.001359 seconds.
  path: Assets/SciFi Warehouse Kit/Prefabs/Structures/Walls/Wall Plain.prefab
  artifactKey: Guid(b2452a5c2cd649a4db9eebcd16f7b155) Importer(2089858483,0ecaa5967403d082aa24f35e1b516d23)
Start importing Assets/SciFi Warehouse Kit/Prefabs/Structures/Walls/Wall Plain.prefab using Guid(b2452a5c2cd649a4db9eebcd16f7b155) Importer(2089858483,0ecaa5967403d082aa24f35e1b516d23) Generated GUIDs only implemented for interfaces!
 -> (artifact id: '7798834c007282ca00deca5ab05eb104') in 0.034360 seconds
Number of updated asset objects reloaded before import = 0
Number of asset objects unloaded after import = 8
========================================================================
Received Import Request.
  Time since last request: 0.000029 seconds.
  path: Assets/SciFi Warehouse Kit/Art/Meshes
  artifactKey: Guid(df29d900b28c11841b8a62f1356a830c) Importer(2089858483,0ecaa5967403d082aa24f35e1b516d23)
Start importing Assets/SciFi Warehouse Kit/Art/Meshes using Guid(df29d900b28c11841b8a62f1356a830c) Importer(2089858483,0ecaa5967403d082aa24f35e1b516d23) Generated GUIDs only implemented for interfaces!
 -> (artifact id: 'f49896662dce1546c28e74a1d83504ab') in 0.102755 seconds
Number of updated asset objects reloaded before import = 0
Number of asset objects unloaded after import = 1
========================================================================
Received Import Request.
  Time since last request: 0.022231 seconds.
  path: Assets/SciFi Warehouse Kit/Art/Meshes/Props/Misc Props/Fire Extinguisher.fbx
  artifactKey: Guid(9c785a87f662c974db9241207a156048) Importer(2089858483,0ecaa5967403d082aa24f35e1b516d23)
Start importing Assets/SciFi Warehouse Kit/Art/Meshes/Props/Misc Props/Fire Extinguisher.fbx using Guid(9c785a87f662c974db9241207a156048) Importer(2089858483,0ecaa5967403d082aa24f35e1b516d23) Generated GUIDs only implemented for interfaces!
 -> (artifact id: 'c424efe0024fbbfdc9a8cd578ef79c2e') in 0.090212 seconds
Number of updated asset objects reloaded before import = 0
Number of asset objects unloaded after import = 7
========================================================================
Received Import Request.
  Time since last request: 0.000242 seconds.
  path: Assets/SciFi Warehouse Kit/Art/Materials
  artifactKey: Guid(815cdc668bc7ee544a30bdc463602607) Importer(2089858483,0ecaa5967403d082aa24f35e1b516d23)
Start importing Assets/SciFi Warehouse Kit/Art/Materials using Guid(815cdc668bc7ee544a30bdc463602607) Importer(2089858483,0ecaa5967403d082aa24f35e1b516d23) Generated GUIDs only implemented for interfaces!
 -> (artifact id: 'c04926bc52e85c868b4db87d24ffcfbd') in 0.112192 seconds
Number of updated asset objects reloaded before import = 0
Number of asset objects unloaded after import = 1
========================================================================
Received Import Request.
  Time since last request: 0.000792 seconds.
  path: Assets/SciFi Warehouse Kit/Prefabs/Structures/Corridors/Corridor Tee.prefab
  artifactKey: Guid(29aa5a78b96148c42bd3f92e5e037e89) Importer(2089858483,0ecaa5967403d082aa24f35e1b516d23)
Start importing Assets/SciFi Warehouse Kit/Prefabs/Structures/Corridors/Corridor Tee.prefab using Guid(29aa5a78b96148c42bd3f92e5e037e89) Importer(2089858483,0ecaa5967403d082aa24f35e1b516d23) Generated GUIDs only implemented for interfaces!
 -> (artifact id: 'eab350881191fd5f0be84d332e840e0a') in 0.042250 seconds
Number of updated asset objects reloaded before import = 0
Number of asset objects unloaded after import = 45
========================================================================
Received Import Request.
  Time since last request: 0.013481 seconds.
  path: Assets/SciFi Warehouse Kit/Prefabs/Structures/Walls/Wall Fan.prefab
  artifactKey: Guid(0a65198f3cbcab345bc0b33f23a45e76) Importer(2089858483,0ecaa5967403d082aa24f35e1b516d23)
Start importing Assets/SciFi Warehouse Kit/Prefabs/Structures/Walls/Wall Fan.prefab using Guid(0a65198f3cbcab345bc0b33f23a45e76) Importer(2089858483,0ecaa5967403d082aa24f35e1b516d23) Generated GUIDs only implemented for interfaces!
 -> (artifact id: '13351a79954bf3341e511a1e8b659ad2') in 0.041218 seconds
Number of updated asset objects reloaded before import = 0
Number of asset objects unloaded after import = 36
========================================================================
Received Import Request.
  Time since last request: 0.000379 seconds.
  path: Assets/SciFi Warehouse Kit/Art/Meshes/Structures/Walls/Wall Corridor Entrance.fbx
  artifactKey: Guid(909005b28345a69478157c4b0dccc3bd) Importer(2089858483,0ecaa5967403d082aa24f35e1b516d23)
Start importing Assets/SciFi Warehouse Kit/Art/Meshes/Structures/Walls/Wall Corridor Entrance.fbx using Guid(909005b28345a69478157c4b0dccc3bd) Importer(2089858483,0ecaa5967403d082aa24f35e1b516d23) Generated GUIDs only implemented for interfaces!
 -> (artifact id: 'ef0152931657af99fbd48b4adb35062d') in 0.090577 seconds
Number of updated asset objects reloaded before import = 0
Number of asset objects unloaded after import = 8
========================================================================
Received Import Request.
  Time since last request: 0.000903 seconds.
  path: Assets/SciFi Warehouse Kit/Art/Textures/structure_props_e.png
  artifactKey: Guid(a6f7cf1bc70b23542ad05910e18b046f) Importer(2089858483,0ecaa5967403d082aa24f35e1b516d23)
Start importing Assets/SciFi Warehouse Kit/Art/Textures/structure_props_e.png using Guid(a6f7cf1bc70b23542ad05910e18b046f) Importer(2089858483,0ecaa5967403d082aa24f35e1b516d23) Generated GUIDs only implemented for interfaces!
 -> (artifact id: '8462b321e71695506525d3058245fbac') in 0.071635 seconds
Number of updated asset objects reloaded before import = 0
Number of asset objects unloaded after import = 1
========================================================================
Received Import Request.
  Time since last request: 0.049551 seconds.
  path: Assets/SciFi Warehouse Kit/Prefabs/Structures/Corridors/Corridor Passthrough Windows.prefab
  artifactKey: Guid(91b8fa9065e2bc041ba30dded191b2a6) Importer(2089858483,0ecaa5967403d082aa24f35e1b516d23)
Start importing Assets/SciFi Warehouse Kit/Prefabs/Structures/Corridors/Corridor Passthrough Windows.prefab using Guid(91b8fa9065e2bc041ba30dded191b2a6) Importer(2089858483,0ecaa5967403d082aa24f35e1b516d23) Generated GUIDs only implemented for interfaces!
 -> (artifact id: '259ac19f20dfea5fa6e7e7dfe9465b40') in 0.042457 seconds
Number of updated asset objects reloaded before import = 0
Number of asset objects unloaded after import = 43
========================================================================
Received Import Request.
  Time since last request: 0.010981 seconds.
  path: Assets/SciFi Warehouse Kit/Art/Textures/crate_long_s.png
  artifactKey: Guid(1bc505be19f19b74d87604d3159f4656) Importer(2089858483,0ecaa5967403d082aa24f35e1b516d23)
Start importing Assets/SciFi Warehouse Kit/Art/Textures/crate_long_s.png using Guid(1bc505be19f19b74d87604d3159f4656) Importer(2089858483,0ecaa5967403d082aa24f35e1b516d23) Generated GUIDs only implemented for interfaces!
 -> (artifact id: '6d1baec59fbf719abd73f9e4bb6ce25a') in 0.046970 seconds
Number of updated asset objects reloaded before import = 0
Number of asset objects unloaded after import = 1
========================================================================
Received Import Request.
  Time since last request: 0.065984 seconds.
  path: Assets/SciFi Warehouse Kit/Prefabs/Structures/Structure Props/Sprinkler 03.prefab
  artifactKey: Guid(68c6dd8e7dfcdad4d9d3341eee9c5601) Importer(2089858483,0ecaa5967403d082aa24f35e1b516d23)
Start importing Assets/SciFi Warehouse Kit/Prefabs/Structures/Structure Props/Sprinkler 03.prefab using Guid(68c6dd8e7dfcdad4d9d3341eee9c5601) Importer(2089858483,0ecaa5967403d082aa24f35e1b516d23) Generated GUIDs only implemented for interfaces!
 -> (artifact id: '9cd331fc2363eab9f468777b3e0072e9') in 0.058772 seconds
Number of updated asset objects reloaded before import = 0
Number of asset objects unloaded after import = 7
========================================================================
Received Import Request.
  Time since last request: 0.004256 seconds.
  path: Assets/SciFi Warehouse Kit/Art/Textures/floor_tile_n.png
  artifactKey: Guid(1ff204db5ae1e1f4cb7dc3aa73275e5c) Importer(2089858483,0ecaa5967403d082aa24f35e1b516d23)
Start importing Assets/SciFi Warehouse Kit/Art/Textures/floor_tile_n.png using Guid(1ff204db5ae1e1f4cb7dc3aa73275e5c) Importer(2089858483,0ecaa5967403d082aa24f35e1b516d23) Generated GUIDs only implemented for interfaces!
 -> (artifact id: 'c3820d038f7520b39f6b9f603a92d144') in 0.069726 seconds
Number of updated asset objects reloaded before import = 0
Number of asset objects unloaded after import = 1
Editor requested this worker to shutdown with reason: balancing worker count downwards
TcpMessagingSession - receive error: operation aborted. errorcode: 995, details: The I/O operation has been aborted because of either a thread exit or an application request.
AssetImportWorker is now disconnected from the server
Process exiting
Exiting without the bug reporter. Application will terminate with return code 0